2021-01-26 11:35:28 INFO  Driver:24 - Chrome browser launched..
2021-01-26 13:20:55 INFO  Driver:24 - Chrome browser launched..
2021-01-26 13:20:58 INFO  Listeners:25 - -------------------search_Test------------------
2021-01-26 13:20:59 ERROR Listeners:37 - search_Test failed..
2021-01-26 13:20:59 ERROR Listeners:37 - search_Test failed..
2021-01-26 13:22:33 INFO  Driver:24 - Chrome browser launched..
2021-01-26 13:22:50 INFO  PortalUtils:48 - waitForElementToBePresent executed successfully with given element :Showing Result text
2021-01-26 13:22:50 INFO  Homepage:66 - Searched product name is :shoes
2021-01-26 13:23:07 INFO  PortalUtils:48 - waitForElementToBePresent executed successfully with given element :Max price dropdown
2021-01-26 13:23:08 INFO  PortalUtils:97 - Selection happened successful with given params {(element:Product Max range dropdown),(visibleText:₹1000)}
2021-01-26 13:23:08 INFO  Homepage:79 - product max range selected successfully
2021-01-26 13:23:16 INFO  PortalUtils:115 - selected option for Max price dropdown webelement is ₹1000
2021-01-26 13:23:24 INFO  TestcasesClass:26 - max price selected is :₹1000
2021-01-26 13:28:04 ERROR Homepage:94 - Unable to select product name as :puma
2021-01-26 13:29:12 INFO  Driver:24 - Chrome browser launched..
2021-01-26 13:29:17 INFO  PortalUtils:48 - waitForElementToBePresent executed successfully with given element :Showing Result text
2021-01-26 13:29:17 INFO  Homepage:66 - Searched product name is :shoes
2021-01-26 13:29:17 INFO  PortalUtils:48 - waitForElementToBePresent executed successfully with given element :Max price dropdown
2021-01-26 13:29:18 INFO  PortalUtils:97 - Selection happened successful with given params {(element:Product Max range dropdown),(visibleText:₹1000)}
2021-01-26 13:29:18 INFO  Homepage:79 - product max range selected successfully
2021-01-26 13:29:18 INFO  PortalUtils:115 - selected option for Max price dropdown webelement is ₹3000+
2021-01-26 13:29:18 INFO  TestcasesClass:26 - max price selected is :₹3000+
2021-01-26 13:30:23 ERROR PortalUtils:50 - org.openqa.selenium.TimeoutException: Expected condition failed: waiting for visibility of [[ChromeDriver: chrome on MAC (531b7812e5fca918b747b687266da420)] -> xpath: //img[@alt=""]] (tried for 60 second(s) with 500 milliseconds interval)
Build info: version: '3.141.59', revision: 'e82be7d358', time: '2018-11-14T08:17:03'
System info: host: 'LAP-FVFY705SHV22.local', ip: '2401:4900:4b51:6548:b0e1:7e48:6fbc:2%en0', os.name: 'Mac OS X', os.arch: 'x86_64', os.version: '10.15.7', java.version: '1.8.0_201'
Driver info: org.openqa.selenium.chrome.ChromeDriver
Capabilities {acceptInsecureCerts: false, browserName: chrome, browserVersion: 88.0.4324.96, chrome: {chromedriverVersion: 88.0.4324.96 (68dba2d8a0b14..., userDataDir: /var/folders/vl/vn8_73zj239...}, goog:chromeOptions: {debuggerAddress: localhost:55951}, javascriptEnabled: true, networkConnectionEnabled: false, pageLoadStrategy: normal, platform: MAC, platformName: MAC, proxy: Proxy(), setWindowRect: true, strictFileInteractability: false, timeouts: {implicit: 0, pageLoad: 300000, script: 30000}, unhandledPromptBehavior: dismiss and notify, webauthn:extension:largeBlob: true, webauthn:virtualAuthenticators: true}
Session ID: 531b7812e5fca918b747b687266da420
2021-01-26 13:30:23 ERROR Homepage:110 - Unable to select 1 product --->
java.lang.Exception: Unable to perform waitForElementToBePresent function for element :1 product visible
	at com.web.automation.genericUtilities.PortalUtils.waitForElementToBePresent(PortalUtils.java:51)
	at com.web.automation.applicationPages.Homepage.selectNthProduct(Homepage.java:106)
	at com.web.automation.testcases.TestcasesClass.productDetails_Test(TestcasesClass.java:38)
	at sun.reflect.NativeMethodAccessorImpl.invoke0(Native Method)
	at sun.reflect.NativeMethodAccessorImpl.invoke(NativeMethodAccessorImpl.java:62)
	at sun.reflect.DelegatingMethodAccessorImpl.invoke(DelegatingMethodAccessorImpl.java:43)
	at java.lang.reflect.Method.invoke(Method.java:498)
	at org.testng.internal.MethodInvocationHelper.invokeMethod(MethodInvocationHelper.java:80)
	at org.testng.internal.Invoker.invokeMethod(Invoker.java:714)
	at org.testng.internal.Invoker.invokeTestMethod(Invoker.java:901)
	at org.testng.internal.Invoker.invokeTestMethods(Invoker.java:1231)
	at org.testng.internal.TestMethodWorker.invokeTestMethods(TestMethodWorker.java:127)
	at org.testng.internal.TestMethodWorker.run(TestMethodWorker.java:111)
	at org.testng.TestRunner.privateRun(TestRunner.java:767)
	at org.testng.TestRunner.run(TestRunner.java:617)
	at org.testng.SuiteRunner.runTest(SuiteRunner.java:334)
	at org.testng.SuiteRunner.runSequentially(SuiteRunner.java:329)
	at org.testng.SuiteRunner.privateRun(SuiteRunner.java:291)
	at org.testng.SuiteRunner.run(SuiteRunner.java:240)
	at org.testng.SuiteRunnerWorker.runSuite(SuiteRunnerWorker.java:52)
	at org.testng.SuiteRunnerWorker.run(SuiteRunnerWorker.java:86)
	at org.testng.TestNG.runSuitesSequentially(TestNG.java:1198)
	at org.testng.TestNG.runSuitesLocally(TestNG.java:1123)
	at org.testng.TestNG.run(TestNG.java:1031)
	at com.intellij.rt.testng.IDEARemoteTestNG.run(IDEARemoteTestNG.java:66)
	at com.intellij.rt.testng.RemoteTestNGStarter.main(RemoteTestNGStarter.java:109)
Caused by: org.openqa.selenium.TimeoutException: Expected condition failed: waiting for visibility of [[ChromeDriver: chrome on MAC (531b7812e5fca918b747b687266da420)] -> xpath: //img[@alt=""]] (tried for 60 second(s) with 500 milliseconds interval)
Build info: version: '3.141.59', revision: 'e82be7d358', time: '2018-11-14T08:17:03'
System info: host: 'LAP-FVFY705SHV22.local', ip: '2401:4900:4b51:6548:b0e1:7e48:6fbc:2%en0', os.name: 'Mac OS X', os.arch: 'x86_64', os.version: '10.15.7', java.version: '1.8.0_201'
Driver info: org.openqa.selenium.chrome.ChromeDriver
Capabilities {acceptInsecureCerts: false, browserName: chrome, browserVersion: 88.0.4324.96, chrome: {chromedriverVersion: 88.0.4324.96 (68dba2d8a0b14..., userDataDir: /var/folders/vl/vn8_73zj239...}, goog:chromeOptions: {debuggerAddress: localhost:55951}, javascriptEnabled: true, networkConnectionEnabled: false, pageLoadStrategy: normal, platform: MAC, platformName: MAC, proxy: Proxy(), setWindowRect: true, strictFileInteractability: false, timeouts: {implicit: 0, pageLoad: 300000, script: 30000}, unhandledPromptBehavior: dismiss and notify, webauthn:extension:largeBlob: true, webauthn:virtualAuthenticators: true}
Session ID: 531b7812e5fca918b747b687266da420
	at org.openqa.selenium.support.ui.WebDriverWait.timeoutException(WebDriverWait.java:95)
	at org.openqa.selenium.support.ui.FluentWait.until(FluentWait.java:272)
	at com.web.automation.genericUtilities.PortalUtils.waitForElementToBePresent(PortalUtils.java:47)
	... 25 more
2021-01-26 13:30:23 INFO  PortalUtils:210 - driver control moved to window number 2
2021-01-26 13:32:12 INFO  Driver:24 - Chrome browser launched..
2021-01-26 13:33:42 INFO  Driver:24 - Chrome browser launched..
2021-01-26 13:33:48 INFO  PortalUtils:48 - waitForElementToBePresent executed successfully with given element :Showing Result text
2021-01-26 13:33:48 INFO  Homepage:66 - Searched product name is :shoes
2021-01-26 13:33:48 INFO  PortalUtils:48 - waitForElementToBePresent executed successfully with given element :Max price dropdown
2021-01-26 13:33:48 INFO  PortalUtils:97 - Selection happened successful with given params {(element:Product Max range dropdown),(visibleText:₹1000)}
2021-01-26 13:33:51 INFO  Homepage:80 - product max range selected successfully
2021-01-26 13:33:51 INFO  PortalUtils:115 - selected option for Max price dropdown webelement is ₹1000
2021-01-26 13:33:51 INFO  TestcasesClass:26 - max price selected is :₹1000
2021-01-26 13:34:21 ERROR Homepage:95 - Unable to select product name as :puma --->
org.openqa.selenium.NoSuchElementException: no such element: Unable to locate element: {"method":"xpath","selector":"//label[div[text()='puma']]/input"}
  (Session info: chrome=88.0.4324.96)
For documentation on this error, please visit: https://www.seleniumhq.org/exceptions/no_such_element.html
Build info: version: '3.141.59', revision: 'e82be7d358', time: '2018-11-14T08:17:03'
System info: host: 'LAP-FVFY705SHV22.local', ip: '2401:4900:4b51:6548:b0e1:7e48:6fbc:2%en0', os.name: 'Mac OS X', os.arch: 'x86_64', os.version: '10.15.7', java.version: '1.8.0_201'
Driver info: org.openqa.selenium.chrome.ChromeDriver
Capabilities {acceptInsecureCerts: false, browserName: chrome, browserVersion: 88.0.4324.96, chrome: {chromedriverVersion: 88.0.4324.96 (68dba2d8a0b14..., userDataDir: /var/folders/vl/vn8_73zj239...}, goog:chromeOptions: {debuggerAddress: localhost:59750}, javascriptEnabled: true, networkConnectionEnabled: false, pageLoadStrategy: normal, platform: MAC, platformName: MAC, proxy: Proxy(), setWindowRect: true, strictFileInteractability: false, timeouts: {implicit: 0, pageLoad: 300000, script: 30000}, unhandledPromptBehavior: dismiss and notify, webauthn:extension:largeBlob: true, webauthn:virtualAuthenticators: true}
Session ID: 87b648be35ca1d81a44c938021e21232
*** Element info: {Using=xpath, value=//label[div[text()='puma']]/input}
	at sun.reflect.NativeConstructorAccessorImpl.newInstance0(Native Method)
	at sun.reflect.NativeConstructorAccessorImpl.newInstance(NativeConstructorAccessorImpl.java:62)
	at sun.reflect.DelegatingConstructorAccessorImpl.newInstance(DelegatingConstructorAccessorImpl.java:45)
	at java.lang.reflect.Constructor.newInstance(Constructor.java:423)
	at org.openqa.selenium.remote.http.W3CHttpResponseCodec.createException(W3CHttpResponseCodec.java:187)
	at org.openqa.selenium.remote.http.W3CHttpResponseCodec.decode(W3CHttpResponseCodec.java:122)
	at org.openqa.selenium.remote.http.W3CHttpResponseCodec.decode(W3CHttpResponseCodec.java:49)
	at org.openqa.selenium.remote.HttpCommandExecutor.execute(HttpCommandExecutor.java:158)
	at org.openqa.selenium.remote.service.DriverCommandExecutor.execute(DriverCommandExecutor.java:83)
	at org.openqa.selenium.remote.RemoteWebDriver.execute(RemoteWebDriver.java:552)
	at org.openqa.selenium.remote.RemoteWebDriver.findElement(RemoteWebDriver.java:323)
	at org.openqa.selenium.remote.RemoteWebDriver.findElementByXPath(RemoteWebDriver.java:428)
	at org.openqa.selenium.By$ByXPath.findElement(By.java:353)
	at org.openqa.selenium.remote.RemoteWebDriver.findElement(RemoteWebDriver.java:315)
	at com.web.automation.applicationPages.Homepage.SearchedBrandCheckbox(Homepage.java:49)
	at com.web.automation.applicationPages.Homepage.filterProducts(Homepage.java:90)
	at com.web.automation.testcases.TestcasesClass.applyFilters_Test(TestcasesClass.java:28)
	at sun.reflect.NativeMethodAccessorImpl.invoke0(Native Method)
	at sun.reflect.NativeMethodAccessorImpl.invoke(NativeMethodAccessorImpl.java:62)
	at sun.reflect.DelegatingMethodAccessorImpl.invoke(DelegatingMethodAccessorImpl.java:43)
	at java.lang.reflect.Method.invoke(Method.java:498)
	at org.testng.internal.MethodInvocationHelper.invokeMethod(MethodInvocationHelper.java:80)
	at org.testng.internal.Invoker.invokeMethod(Invoker.java:714)
	at org.testng.internal.Invoker.invokeTestMethod(Invoker.java:901)
	at org.testng.internal.Invoker.invokeTestMethods(Invoker.java:1231)
	at org.testng.internal.TestMethodWorker.invokeTestMethods(TestMethodWorker.java:127)
	at org.testng.internal.TestMethodWorker.run(TestMethodWorker.java:111)
	at org.testng.TestRunner.privateRun(TestRunner.java:767)
	at org.testng.TestRunner.run(TestRunner.java:617)
	at org.testng.SuiteRunner.runTest(SuiteRunner.java:334)
	at org.testng.SuiteRunner.runSequentially(SuiteRunner.java:329)
	at org.testng.SuiteRunner.privateRun(SuiteRunner.java:291)
	at org.testng.SuiteRunner.run(SuiteRunner.java:240)
	at org.testng.SuiteRunnerWorker.runSuite(SuiteRunnerWorker.java:52)
	at org.testng.SuiteRunnerWorker.run(SuiteRunnerWorker.java:86)
	at org.testng.TestNG.runSuitesSequentially(TestNG.java:1198)
	at org.testng.TestNG.runSuitesLocally(TestNG.java:1123)
	at org.testng.TestNG.run(TestNG.java:1031)
	at com.intellij.rt.testng.IDEARemoteTestNG.run(IDEARemoteTestNG.java:66)
	at com.intellij.rt.testng.RemoteTestNGStarter.main(RemoteTestNGStarter.java:109)
2021-01-26 13:39:46 INFO  Driver:24 - Chrome browser launched..
2021-01-26 13:39:51 INFO  PortalUtils:48 - waitForElementToBePresent executed successfully with given element :Showing Result text
2021-01-26 13:39:51 INFO  Homepage:67 - Searched product name is :shoes
2021-01-26 13:39:51 INFO  PortalUtils:48 - waitForElementToBePresent executed successfully with given element :Max price dropdown
2021-01-26 13:39:51 INFO  PortalUtils:97 - Selection happened successful with given params {(element:Product Max range dropdown),(visibleText:₹1000)}
2021-01-26 13:39:54 INFO  Homepage:81 - product max range selected successfully
2021-01-26 13:39:54 INFO  PortalUtils:115 - selected option for Max price dropdown webelement is ₹1000
2021-01-26 13:39:54 INFO  TestcasesClass:26 - max price selected is :₹1000
2021-01-26 13:40:55 ERROR PortalUtils:50 - org.openqa.selenium.TimeoutException: Expected condition failed: waiting for visibility of [[ChromeDriver: chrome on MAC (d0e47c409e82b4d624d400322b29c921)] -> xpath: //label[div[text()='Puma']]/input] (tried for 60 second(s) with 500 milliseconds interval)
Build info: version: '3.141.59', revision: 'e82be7d358', time: '2018-11-14T08:17:03'
System info: host: 'LAP-FVFY705SHV22.local', ip: '2401:4900:4b51:6548:b0e1:7e48:6fbc:2%en0', os.name: 'Mac OS X', os.arch: 'x86_64', os.version: '10.15.7', java.version: '1.8.0_201'
Driver info: org.openqa.selenium.chrome.ChromeDriver
Capabilities {acceptInsecureCerts: false, browserName: chrome, browserVersion: 88.0.4324.96, chrome: {chromedriverVersion: 88.0.4324.96 (68dba2d8a0b14..., userDataDir: /var/folders/vl/vn8_73zj239...}, goog:chromeOptions: {debuggerAddress: localhost:64668}, javascriptEnabled: true, networkConnectionEnabled: false, pageLoadStrategy: normal, platform: MAC, platformName: MAC, proxy: Proxy(), setWindowRect: true, strictFileInteractability: false, timeouts: {implicit: 0, pageLoad: 300000, script: 30000}, unhandledPromptBehavior: dismiss and notify, webauthn:extension:largeBlob: true, webauthn:virtualAuthenticators: true}
Session ID: d0e47c409e82b4d624d400322b29c921
2021-01-26 13:40:55 ERROR Homepage:98 - Unable to select product name as :Puma --->
java.lang.Exception: Unable to perform waitForElementToBePresent function for element :Searched Brand Checkbox
	at com.web.automation.genericUtilities.PortalUtils.waitForElementToBePresent(PortalUtils.java:51)
	at com.web.automation.applicationPages.Homepage.filterProducts(Homepage.java:91)
	at com.web.automation.testcases.TestcasesClass.applyFilters_Test(TestcasesClass.java:28)
	at sun.reflect.NativeMethodAccessorImpl.invoke0(Native Method)
	at sun.reflect.NativeMethodAccessorImpl.invoke(NativeMethodAccessorImpl.java:62)
	at sun.reflect.DelegatingMethodAccessorImpl.invoke(DelegatingMethodAccessorImpl.java:43)
	at java.lang.reflect.Method.invoke(Method.java:498)
	at org.testng.internal.MethodInvocationHelper.invokeMethod(MethodInvocationHelper.java:80)
	at org.testng.internal.Invoker.invokeMethod(Invoker.java:714)
	at org.testng.internal.Invoker.invokeTestMethod(Invoker.java:901)
	at org.testng.internal.Invoker.invokeTestMethods(Invoker.java:1231)
	at org.testng.internal.TestMethodWorker.invokeTestMethods(TestMethodWorker.java:127)
	at org.testng.internal.TestMethodWorker.run(TestMethodWorker.java:111)
	at org.testng.TestRunner.privateRun(TestRunner.java:767)
	at org.testng.TestRunner.run(TestRunner.java:617)
	at org.testng.SuiteRunner.runTest(SuiteRunner.java:334)
	at org.testng.SuiteRunner.runSequentially(SuiteRunner.java:329)
	at org.testng.SuiteRunner.privateRun(SuiteRunner.java:291)
	at org.testng.SuiteRunner.run(SuiteRunner.java:240)
	at org.testng.SuiteRunnerWorker.runSuite(SuiteRunnerWorker.java:52)
	at org.testng.SuiteRunnerWorker.run(SuiteRunnerWorker.java:86)
	at org.testng.TestNG.runSuitesSequentially(TestNG.java:1198)
	at org.testng.TestNG.runSuitesLocally(TestNG.java:1123)
	at org.testng.TestNG.run(TestNG.java:1031)
	at com.intellij.rt.testng.IDEARemoteTestNG.run(IDEARemoteTestNG.java:66)
	at com.intellij.rt.testng.RemoteTestNGStarter.main(RemoteTestNGStarter.java:109)
Caused by: org.openqa.selenium.TimeoutException: Expected condition failed: waiting for visibility of [[ChromeDriver: chrome on MAC (d0e47c409e82b4d624d400322b29c921)] -> xpath: //label[div[text()='Puma']]/input] (tried for 60 second(s) with 500 milliseconds interval)
Build info: version: '3.141.59', revision: 'e82be7d358', time: '2018-11-14T08:17:03'
System info: host: 'LAP-FVFY705SHV22.local', ip: '2401:4900:4b51:6548:b0e1:7e48:6fbc:2%en0', os.name: 'Mac OS X', os.arch: 'x86_64', os.version: '10.15.7', java.version: '1.8.0_201'
Driver info: org.openqa.selenium.chrome.ChromeDriver
Capabilities {acceptInsecureCerts: false, browserName: chrome, browserVersion: 88.0.4324.96, chrome: {chromedriverVersion: 88.0.4324.96 (68dba2d8a0b14..., userDataDir: /var/folders/vl/vn8_73zj239...}, goog:chromeOptions: {debuggerAddress: localhost:64668}, javascriptEnabled: true, networkConnectionEnabled: false, pageLoadStrategy: normal, platform: MAC, platformName: MAC, proxy: Proxy(), setWindowRect: true, strictFileInteractability: false, timeouts: {implicit: 0, pageLoad: 300000, script: 30000}, unhandledPromptBehavior: dismiss and notify, webauthn:extension:largeBlob: true, webauthn:virtualAuthenticators: true}
Session ID: d0e47c409e82b4d624d400322b29c921
	at org.openqa.selenium.support.ui.WebDriverWait.timeoutException(WebDriverWait.java:95)
	at org.openqa.selenium.support.ui.FluentWait.until(FluentWait.java:272)
	at com.web.automation.genericUtilities.PortalUtils.waitForElementToBePresent(PortalUtils.java:47)
	... 25 more
2021-01-26 13:41:25 ERROR Homepage:98 - Unable to select product name as :ADIDAS --->
org.openqa.selenium.NoSuchElementException: no such element: Unable to locate element: {"method":"xpath","selector":"//label[div[text()='ADIDAS']]/input"}
  (Session info: chrome=88.0.4324.96)
For documentation on this error, please visit: https://www.seleniumhq.org/exceptions/no_such_element.html
Build info: version: '3.141.59', revision: 'e82be7d358', time: '2018-11-14T08:17:03'
System info: host: 'LAP-FVFY705SHV22.local', ip: '2401:4900:4b51:6548:b0e1:7e48:6fbc:2%en0', os.name: 'Mac OS X', os.arch: 'x86_64', os.version: '10.15.7', java.version: '1.8.0_201'
Driver info: org.openqa.selenium.chrome.ChromeDriver
Capabilities {acceptInsecureCerts: false, browserName: chrome, browserVersion: 88.0.4324.96, chrome: {chromedriverVersion: 88.0.4324.96 (68dba2d8a0b14..., userDataDir: /var/folders/vl/vn8_73zj239...}, goog:chromeOptions: {debuggerAddress: localhost:64668}, javascriptEnabled: true, networkConnectionEnabled: false, pageLoadStrategy: normal, platform: MAC, platformName: MAC, proxy: Proxy(), setWindowRect: true, strictFileInteractability: false, timeouts: {implicit: 0, pageLoad: 300000, script: 30000}, unhandledPromptBehavior: dismiss and notify, webauthn:extension:largeBlob: true, webauthn:virtualAuthenticators: true}
Session ID: d0e47c409e82b4d624d400322b29c921
*** Element info: {Using=xpath, value=//label[div[text()='ADIDAS']]/input}
	at sun.reflect.NativeConstructorAccessorImpl.newInstance0(Native Method)
	at sun.reflect.NativeConstructorAccessorImpl.newInstance(NativeConstructorAccessorImpl.java:62)
	at sun.reflect.DelegatingConstructorAccessorImpl.newInstance(DelegatingConstructorAccessorImpl.java:45)
	at java.lang.reflect.Constructor.newInstance(Constructor.java:423)
	at org.openqa.selenium.remote.http.W3CHttpResponseCodec.createException(W3CHttpResponseCodec.java:187)
	at org.openqa.selenium.remote.http.W3CHttpResponseCodec.decode(W3CHttpResponseCodec.java:122)
	at org.openqa.selenium.remote.http.W3CHttpResponseCodec.decode(W3CHttpResponseCodec.java:49)
	at org.openqa.selenium.remote.HttpCommandExecutor.execute(HttpCommandExecutor.java:158)
	at org.openqa.selenium.remote.service.DriverCommandExecutor.execute(DriverCommandExecutor.java:83)
	at org.openqa.selenium.remote.RemoteWebDriver.execute(RemoteWebDriver.java:552)
	at org.openqa.selenium.remote.RemoteWebDriver.findElement(RemoteWebDriver.java:323)
	at org.openqa.selenium.remote.RemoteWebDriver.findElementByXPath(RemoteWebDriver.java:428)
	at org.openqa.selenium.By$ByXPath.findElement(By.java:353)
	at org.openqa.selenium.remote.RemoteWebDriver.findElement(RemoteWebDriver.java:315)
	at com.web.automation.applicationPages.Homepage.SearchedBrandCheckbox(Homepage.java:50)
	at com.web.automation.applicationPages.Homepage.filterProducts(Homepage.java:91)
	at com.web.automation.testcases.TestcasesClass.applyFilters_Test(TestcasesClass.java:28)
	at sun.reflect.NativeMethodAccessorImpl.invoke0(Native Method)
	at sun.reflect.NativeMethodAccessorImpl.invoke(NativeMethodAccessorImpl.java:62)
	at sun.reflect.DelegatingMethodAccessorImpl.invoke(DelegatingMethodAccessorImpl.java:43)
	at java.lang.reflect.Method.invoke(Method.java:498)
	at org.testng.internal.MethodInvocationHelper.invokeMethod(MethodInvocationHelper.java:80)
	at org.testng.internal.Invoker.invokeMethod(Invoker.java:714)
	at org.testng.internal.Invoker.invokeTestMethod(Invoker.java:901)
	at org.testng.internal.Invoker.invokeTestMethods(Invoker.java:1231)
	at org.testng.internal.TestMethodWorker.invokeTestMethods(TestMethodWorker.java:127)
	at org.testng.internal.TestMethodWorker.run(TestMethodWorker.java:111)
	at org.testng.TestRunner.privateRun(TestRunner.java:767)
	at org.testng.TestRunner.run(TestRunner.java:617)
	at org.testng.SuiteRunner.runTest(SuiteRunner.java:334)
	at org.testng.SuiteRunner.runSequentially(SuiteRunner.java:329)
	at org.testng.SuiteRunner.privateRun(SuiteRunner.java:291)
	at org.testng.SuiteRunner.run(SuiteRunner.java:240)
	at org.testng.SuiteRunnerWorker.runSuite(SuiteRunnerWorker.java:52)
	at org.testng.SuiteRunnerWorker.run(SuiteRunnerWorker.java:86)
	at org.testng.TestNG.runSuitesSequentially(TestNG.java:1198)
	at org.testng.TestNG.runSuitesLocally(TestNG.java:1123)
	at org.testng.TestNG.run(TestNG.java:1031)
	at com.intellij.rt.testng.IDEARemoteTestNG.run(IDEARemoteTestNG.java:66)
	at com.intellij.rt.testng.RemoteTestNGStarter.main(RemoteTestNGStarter.java:109)
2021-01-26 13:43:59 INFO  Driver:24 - Chrome browser launched..
2021-01-26 13:44:13 INFO  PortalUtils:48 - waitForElementToBePresent executed successfully with given element :Max price dropdown
2021-01-26 13:44:13 INFO  PortalUtils:97 - Selection happened successful with given params {(element:Product Max range dropdown),(visibleText:₹1000)}
2021-01-26 13:44:16 INFO  Homepage:81 - product max range selected successfully
2021-01-26 13:44:16 INFO  PortalUtils:115 - selected option for Max price dropdown webelement is ₹1000
2021-01-26 13:44:16 INFO  TestcasesClass:26 - max price selected is :₹1000
2021-01-26 13:45:23 INFO  Driver:24 - Chrome browser launched..
2021-01-26 13:45:29 INFO  PortalUtils:48 - waitForElementToBePresent executed successfully with given element :Showing Result text
2021-01-26 13:45:29 INFO  Homepage:67 - Searched product name is :shoes
2021-01-26 13:45:29 INFO  PortalUtils:48 - waitForElementToBePresent executed successfully with given element :Max price dropdown
2021-01-26 13:45:29 INFO  PortalUtils:97 - Selection happened successful with given params {(element:Product Max range dropdown),(visibleText:₹1000)}
2021-01-26 13:45:32 INFO  Homepage:81 - product max range selected successfully
2021-01-26 13:45:32 INFO  PortalUtils:115 - selected option for Max price dropdown webelement is ₹1000
2021-01-26 13:45:32 INFO  TestcasesClass:26 - max price selected is :₹1000
2021-01-26 13:48:34 ERROR PortalUtils:50 - org.openqa.selenium.TimeoutException: Expected condition failed: waiting for visibility of [[ChromeDriver: chrome on MAC (bbf27f2d7ee5e4b252da592d2ad86f0e)] -> xpath: //div[text()='Puma']/preceding-sibling::input] (tried for 60 second(s) with 500 milliseconds interval)
Build info: version: '3.141.59', revision: 'e82be7d358', time: '2018-11-14T08:17:03'
System info: host: 'LAP-FVFY705SHV22.local', ip: '2401:4900:4b51:6548:b0e1:7e48:6fbc:2%en0', os.name: 'Mac OS X', os.arch: 'x86_64', os.version: '10.15.7', java.version: '1.8.0_201'
Driver info: org.openqa.selenium.chrome.ChromeDriver
Capabilities {acceptInsecureCerts: false, browserName: chrome, browserVersion: 88.0.4324.96, chrome: {chromedriverVersion: 88.0.4324.96 (68dba2d8a0b14..., userDataDir: /var/folders/vl/vn8_73zj239...}, goog:chromeOptions: {debuggerAddress: localhost:53615}, javascriptEnabled: true, networkConnectionEnabled: false, pageLoadStrategy: normal, platform: MAC, platformName: MAC, proxy: Proxy(), setWindowRect: true, strictFileInteractability: false, timeouts: {implicit: 0, pageLoad: 300000, script: 30000}, unhandledPromptBehavior: dismiss and notify, webauthn:extension:largeBlob: true, webauthn:virtualAuthenticators: true}
Session ID: bbf27f2d7ee5e4b252da592d2ad86f0e
2021-01-26 13:52:59 ERROR Homepage:98 - Unable to select product name as :Puma --->
java.lang.Exception: Unable to perform waitForElementToBePresent function for element :Searched Brand Checkbox
	at com.web.automation.genericUtilities.PortalUtils.waitForElementToBePresent(PortalUtils.java:51)
	at com.web.automation.applicationPages.Homepage.filterProducts(Homepage.java:91)
	at com.web.automation.testcases.TestcasesClass.applyFilters_Test(TestcasesClass.java:28)
	at sun.reflect.NativeMethodAccessorImpl.invoke0(Native Method)
	at sun.reflect.NativeMethodAccessorImpl.invoke(NativeMethodAccessorImpl.java:62)
	at sun.reflect.DelegatingMethodAccessorImpl.invoke(DelegatingMethodAccessorImpl.java:43)
	at java.lang.reflect.Method.invoke(Method.java:498)
	at org.testng.internal.MethodInvocationHelper.invokeMethod(MethodInvocationHelper.java:80)
	at org.testng.internal.Invoker.invokeMethod(Invoker.java:714)
	at org.testng.internal.Invoker.invokeTestMethod(Invoker.java:901)
	at org.testng.internal.Invoker.invokeTestMethods(Invoker.java:1231)
	at org.testng.internal.TestMethodWorker.invokeTestMethods(TestMethodWorker.java:127)
	at org.testng.internal.TestMethodWorker.run(TestMethodWorker.java:111)
	at org.testng.TestRunner.privateRun(TestRunner.java:767)
	at org.testng.TestRunner.run(TestRunner.java:617)
	at org.testng.SuiteRunner.runTest(SuiteRunner.java:334)
	at org.testng.SuiteRunner.runSequentially(SuiteRunner.java:329)
	at org.testng.SuiteRunner.privateRun(SuiteRunner.java:291)
	at org.testng.SuiteRunner.run(SuiteRunner.java:240)
	at org.testng.SuiteRunnerWorker.runSuite(SuiteRunnerWorker.java:52)
	at org.testng.SuiteRunnerWorker.run(SuiteRunnerWorker.java:86)
	at org.testng.TestNG.runSuitesSequentially(TestNG.java:1198)
	at org.testng.TestNG.runSuitesLocally(TestNG.java:1123)
	at org.testng.TestNG.run(TestNG.java:1031)
	at com.intellij.rt.testng.IDEARemoteTestNG.run(IDEARemoteTestNG.java:66)
	at com.intellij.rt.testng.RemoteTestNGStarter.main(RemoteTestNGStarter.java:109)
Caused by: org.openqa.selenium.TimeoutException: Expected condition failed: waiting for visibility of [[ChromeDriver: chrome on MAC (bbf27f2d7ee5e4b252da592d2ad86f0e)] -> xpath: //div[text()='Puma']/preceding-sibling::input] (tried for 60 second(s) with 500 milliseconds interval)
Build info: version: '3.141.59', revision: 'e82be7d358', time: '2018-11-14T08:17:03'
System info: host: 'LAP-FVFY705SHV22.local', ip: '2401:4900:4b51:6548:b0e1:7e48:6fbc:2%en0', os.name: 'Mac OS X', os.arch: 'x86_64', os.version: '10.15.7', java.version: '1.8.0_201'
Driver info: org.openqa.selenium.chrome.ChromeDriver
Capabilities {acceptInsecureCerts: false, browserName: chrome, browserVersion: 88.0.4324.96, chrome: {chromedriverVersion: 88.0.4324.96 (68dba2d8a0b14..., userDataDir: /var/folders/vl/vn8_73zj239...}, goog:chromeOptions: {debuggerAddress: localhost:53615}, javascriptEnabled: true, networkConnectionEnabled: false, pageLoadStrategy: normal, platform: MAC, platformName: MAC, proxy: Proxy(), setWindowRect: true, strictFileInteractability: false, timeouts: {implicit: 0, pageLoad: 300000, script: 30000}, unhandledPromptBehavior: dismiss and notify, webauthn:extension:largeBlob: true, webauthn:virtualAuthenticators: true}
Session ID: bbf27f2d7ee5e4b252da592d2ad86f0e
	at org.openqa.selenium.support.ui.WebDriverWait.timeoutException(WebDriverWait.java:95)
	at org.openqa.selenium.support.ui.FluentWait.until(FluentWait.java:272)
	at com.web.automation.genericUtilities.PortalUtils.waitForElementToBePresent(PortalUtils.java:47)
	... 25 more
2021-01-26 13:53:17 INFO  Driver:24 - Chrome browser launched..
2021-01-26 13:53:36 INFO  PortalUtils:48 - waitForElementToBePresent executed successfully with given element :Showing Result text
2021-01-26 13:53:36 INFO  Homepage:67 - Searched product name is :shoes
2021-01-26 13:53:36 INFO  PortalUtils:48 - waitForElementToBePresent executed successfully with given element :Max price dropdown
2021-01-26 13:53:36 INFO  PortalUtils:97 - Selection happened successful with given params {(element:Product Max range dropdown),(visibleText:₹1000)}
2021-01-26 13:53:39 INFO  Homepage:81 - product max range selected successfully
2021-01-26 13:53:39 INFO  PortalUtils:115 - selected option for Max price dropdown webelement is ₹1000
2021-01-26 13:53:39 INFO  TestcasesClass:26 - max price selected is :₹1000
2021-01-26 13:56:41 ERROR PortalUtils:50 - org.openqa.selenium.TimeoutException: Expected condition failed: waiting for visibility of [[ChromeDriver: chrome on MAC (7a41a3e02058696d854f48b17bf1cc77)] -> xpath: //div[text()='Puma']/preceding-sibling::input] (tried for 60 second(s) with 500 milliseconds interval)
Build info: version: '3.141.59', revision: 'e82be7d358', time: '2018-11-14T08:17:03'
System info: host: 'LAP-FVFY705SHV22.local', ip: '2401:4900:4b51:6548:b0e1:7e48:6fbc:2%en0', os.name: 'Mac OS X', os.arch: 'x86_64', os.version: '10.15.7', java.version: '1.8.0_201'
Driver info: org.openqa.selenium.chrome.ChromeDriver
Capabilities {acceptInsecureCerts: false, browserName: chrome, browserVersion: 88.0.4324.96, chrome: {chromedriverVersion: 88.0.4324.96 (68dba2d8a0b14..., userDataDir: /var/folders/vl/vn8_73zj239...}, goog:chromeOptions: {debuggerAddress: localhost:61380}, javascriptEnabled: true, networkConnectionEnabled: false, pageLoadStrategy: normal, platform: MAC, platformName: MAC, proxy: Proxy(), setWindowRect: true, strictFileInteractability: false, timeouts: {implicit: 0, pageLoad: 300000, script: 30000}, unhandledPromptBehavior: dismiss and notify, webauthn:extension:largeBlob: true, webauthn:virtualAuthenticators: true}
Session ID: 7a41a3e02058696d854f48b17bf1cc77
2021-01-26 14:15:46 INFO  Driver:24 - Chrome browser launched..
2021-01-26 14:15:52 INFO  PortalUtils:48 - waitForElementToBePresent executed successfully with given element :Showing Result text
2021-01-26 14:15:52 INFO  Homepage:67 - Searched product name is :shoes
2021-01-26 14:15:52 INFO  PortalUtils:48 - waitForElementToBePresent executed successfully with given element :Max price dropdown
2021-01-26 14:15:52 INFO  PortalUtils:97 - Selection happened successful with given params {(element:Product Max range dropdown),(visibleText:₹1000)}
2021-01-26 14:15:55 INFO  Homepage:81 - product max range selected successfully
2021-01-26 14:15:55 INFO  PortalUtils:115 - selected option for Max price dropdown webelement is ₹1000
2021-01-26 14:15:55 INFO  TestcasesClass:26 - max price selected is :₹1000
2021-01-26 14:17:57 WARN  PortalUtils:277 - JavaScript execution failed with {script : argument[0].click(); : Element : [[ChromeDriver: chrome on MAC (02f832137e30eff5d04ee82c93f7a772)] -> xpath: //div[text()='Puma']/preceding-sibling::input]}
2021-01-26 14:20:00 WARN  PortalUtils:277 - JavaScript execution failed with {script : argument[0].value = '''; : Element : [[ChromeDriver: chrome on MAC (02f832137e30eff5d04ee82c93f7a772)] -> xpath: //div[text()='Puma']/preceding-sibling::input]}
2021-01-26 14:22:59 INFO  Homepage:98 - product filters :Puma has been selected successfully
2021-01-26 14:23:13 INFO  Driver:24 - Chrome browser launched..
2021-01-26 14:23:19 INFO  PortalUtils:48 - waitForElementToBePresent executed successfully with given element :Showing Result text
2021-01-26 14:23:19 INFO  Homepage:68 - Searched product name is :shoes
2021-01-26 14:23:20 INFO  PortalUtils:48 - waitForElementToBePresent executed successfully with given element :Max price dropdown
2021-01-26 14:23:20 INFO  PortalUtils:97 - Selection happened successful with given params {(element:Product Max range dropdown),(visibleText:₹1000)}
2021-01-26 14:23:23 INFO  Homepage:82 - product max range selected successfully
2021-01-26 14:23:23 INFO  PortalUtils:115 - selected option for Max price dropdown webelement is ₹1000
2021-01-26 14:23:23 INFO  TestcasesClass:26 - max price selected is :₹1000
2021-01-26 14:26:43 INFO  Driver:24 - Chrome browser launched..
2021-01-26 14:26:48 INFO  PortalUtils:48 - waitForElementToBePresent executed successfully with given element :Showing Result text
2021-01-26 14:26:48 INFO  Homepage:68 - Searched product name is :shoes
2021-01-26 14:26:48 INFO  PortalUtils:48 - waitForElementToBePresent executed successfully with given element :Max price dropdown
2021-01-26 14:26:48 INFO  PortalUtils:97 - Selection happened successful with given params {(element:Product Max range dropdown),(visibleText:₹1000)}
2021-01-26 14:26:51 INFO  Homepage:82 - product max range selected successfully
2021-01-26 14:26:51 INFO  PortalUtils:115 - selected option for Max price dropdown webelement is ₹1000
2021-01-26 14:26:51 INFO  TestcasesClass:26 - max price selected is :₹1000
2021-01-26 14:26:54 INFO  Homepage:99 - product filters :Puma has been selected successfully
2021-01-26 14:26:56 INFO  Homepage:99 - product filters :ADIDAS has been selected successfully
2021-01-26 14:32:25 INFO  Driver:24 - Chrome browser launched..
2021-01-26 14:32:31 INFO  PortalUtils:48 - waitForElementToBePresent executed successfully with given element :Showing Result text
2021-01-26 14:32:31 INFO  Homepage:69 - Searched product name is :shoes
2021-01-26 14:32:31 INFO  PortalUtils:48 - waitForElementToBePresent executed successfully with given element :Max price dropdown
2021-01-26 14:32:31 INFO  PortalUtils:97 - Selection happened successful with given params {(element:Product Max range dropdown),(visibleText:₹1000)}
2021-01-26 14:32:34 INFO  Homepage:83 - product max range selected successfully
2021-01-26 14:32:34 INFO  PortalUtils:115 - selected option for Max price dropdown webelement is ₹1000
2021-01-26 14:32:34 INFO  TestcasesClass:26 - max price selected is :₹1000
2021-01-26 14:33:52 INFO  Driver:24 - Chrome browser launched..
2021-01-26 14:33:57 INFO  PortalUtils:48 - waitForElementToBePresent executed successfully with given element :Showing Result text
2021-01-26 14:33:57 INFO  Homepage:69 - Searched product name is :shoes
2021-01-26 14:33:57 INFO  PortalUtils:48 - waitForElementToBePresent executed successfully with given element :Max price dropdown
2021-01-26 14:33:58 INFO  PortalUtils:97 - Selection happened successful with given params {(element:Product Max range dropdown),(visibleText:₹1000)}
2021-01-26 14:34:01 INFO  Homepage:83 - product max range selected successfully
2021-01-26 14:34:01 INFO  PortalUtils:115 - selected option for Max price dropdown webelement is ₹1000
2021-01-26 14:34:01 INFO  TestcasesClass:26 - max price selected is :₹1000
2021-01-26 14:34:03 INFO  Homepage:100 - product filters :Puma has been selected successfully
2021-01-26 14:34:05 INFO  Homepage:100 - product filters :ADIDAS has been selected successfully
2021-01-26 14:35:15 ERROR PortalUtils:50 - org.openqa.selenium.TimeoutException: Expected condition failed: waiting for visibility of [[ChromeDriver: chrome on MAC (60388fe104495f630c0bf48884a27e56)] -> xpath: //img[@alt=""]] (tried for 60 second(s) with 500 milliseconds interval)
Build info: version: '3.141.59', revision: 'e82be7d358', time: '2018-11-14T08:17:03'
System info: host: 'LAP-FVFY705SHV22.local', ip: '2401:4900:4b51:6548:b0e1:7e48:6fbc:2%en0', os.name: 'Mac OS X', os.arch: 'x86_64', os.version: '10.15.7', java.version: '1.8.0_201'
Driver info: org.openqa.selenium.chrome.ChromeDriver
Capabilities {acceptInsecureCerts: false, browserName: chrome, browserVersion: 88.0.4324.96, chrome: {chromedriverVersion: 88.0.4324.96 (68dba2d8a0b14..., userDataDir: /var/folders/vl/vn8_73zj239...}, goog:chromeOptions: {debuggerAddress: localhost:51484}, javascriptEnabled: true, networkConnectionEnabled: false, pageLoadStrategy: normal, platform: MAC, platformName: MAC, proxy: Proxy(), setWindowRect: true, strictFileInteractability: false, timeouts: {implicit: 0, pageLoad: 300000, script: 30000}, unhandledPromptBehavior: dismiss and notify, webauthn:extension:largeBlob: true, webauthn:virtualAuthenticators: true}
Session ID: 60388fe104495f630c0bf48884a27e56
2021-01-26 14:35:15 ERROR Homepage:118 - Unable to select 1 product --->
java.lang.Exception: Unable to perform waitForElementToBePresent function for element :1 product visible
	at com.web.automation.genericUtilities.PortalUtils.waitForElementToBePresent(PortalUtils.java:51)
	at com.web.automation.applicationPages.Homepage.selectNthProduct(Homepage.java:114)
	at com.web.automation.testcases.TestcasesClass.productDetails_Test(TestcasesClass.java:34)
	at sun.reflect.NativeMethodAccessorImpl.invoke0(Native Method)
	at sun.reflect.NativeMethodAccessorImpl.invoke(NativeMethodAccessorImpl.java:62)
	at sun.reflect.DelegatingMethodAccessorImpl.invoke(DelegatingMethodAccessorImpl.java:43)
	at java.lang.reflect.Method.invoke(Method.java:498)
	at org.testng.internal.MethodInvocationHelper.invokeMethod(MethodInvocationHelper.java:80)
	at org.testng.internal.Invoker.invokeMethod(Invoker.java:714)
	at org.testng.internal.Invoker.invokeTestMethod(Invoker.java:901)
	at org.testng.internal.Invoker.invokeTestMethods(Invoker.java:1231)
	at org.testng.internal.TestMethodWorker.invokeTestMethods(TestMethodWorker.java:127)
	at org.testng.internal.TestMethodWorker.run(TestMethodWorker.java:111)
	at org.testng.TestRunner.privateRun(TestRunner.java:767)
	at org.testng.TestRunner.run(TestRunner.java:617)
	at org.testng.SuiteRunner.runTest(SuiteRunner.java:334)
	at org.testng.SuiteRunner.runSequentially(SuiteRunner.java:329)
	at org.testng.SuiteRunner.privateRun(SuiteRunner.java:291)
	at org.testng.SuiteRunner.run(SuiteRunner.java:240)
	at org.testng.SuiteRunnerWorker.runSuite(SuiteRunnerWorker.java:52)
	at org.testng.SuiteRunnerWorker.run(SuiteRunnerWorker.java:86)
	at org.testng.TestNG.runSuitesSequentially(TestNG.java:1198)
	at org.testng.TestNG.runSuitesLocally(TestNG.java:1123)
	at org.testng.TestNG.run(TestNG.java:1031)
	at com.intellij.rt.testng.IDEARemoteTestNG.run(IDEARemoteTestNG.java:66)
	at com.intellij.rt.testng.RemoteTestNGStarter.main(RemoteTestNGStarter.java:109)
Caused by: org.openqa.selenium.TimeoutException: Expected condition failed: waiting for visibility of [[ChromeDriver: chrome on MAC (60388fe104495f630c0bf48884a27e56)] -> xpath: //img[@alt=""]] (tried for 60 second(s) with 500 milliseconds interval)
Build info: version: '3.141.59', revision: 'e82be7d358', time: '2018-11-14T08:17:03'
System info: host: 'LAP-FVFY705SHV22.local', ip: '2401:4900:4b51:6548:b0e1:7e48:6fbc:2%en0', os.name: 'Mac OS X', os.arch: 'x86_64', os.version: '10.15.7', java.version: '1.8.0_201'
Driver info: org.openqa.selenium.chrome.ChromeDriver
Capabilities {acceptInsecureCerts: false, browserName: chrome, browserVersion: 88.0.4324.96, chrome: {chromedriverVersion: 88.0.4324.96 (68dba2d8a0b14..., userDataDir: /var/folders/vl/vn8_73zj239...}, goog:chromeOptions: {debuggerAddress: localhost:51484}, javascriptEnabled: true, networkConnectionEnabled: false, pageLoadStrategy: normal, platform: MAC, platformName: MAC, proxy: Proxy(), setWindowRect: true, strictFileInteractability: false, timeouts: {implicit: 0, pageLoad: 300000, script: 30000}, unhandledPromptBehavior: dismiss and notify, webauthn:extension:largeBlob: true, webauthn:virtualAuthenticators: true}
Session ID: 60388fe104495f630c0bf48884a27e56
	at org.openqa.selenium.support.ui.WebDriverWait.timeoutException(WebDriverWait.java:95)
	at org.openqa.selenium.support.ui.FluentWait.until(FluentWait.java:272)
	at com.web.automation.genericUtilities.PortalUtils.waitForElementToBePresent(PortalUtils.java:47)
	... 25 more
2021-01-26 14:35:48 INFO  PortalUtils:210 - driver control moved to window number 2
2021-01-26 14:41:22 INFO  Driver:24 - Chrome browser launched..
2021-01-26 14:41:27 INFO  PortalUtils:48 - waitForElementToBePresent executed successfully with given element :Showing Result text
2021-01-26 14:41:27 INFO  Homepage:69 - Searched product name is :shoes
2021-01-26 14:42:24 INFO  Driver:24 - Chrome browser launched..
2021-01-26 14:42:29 INFO  PortalUtils:48 - waitForElementToBePresent executed successfully with given element :Showing Result text
2021-01-26 14:42:29 INFO  Homepage:69 - Searched product name is :shoes
2021-01-26 14:42:29 INFO  PortalUtils:48 - waitForElementToBePresent executed successfully with given element :Max price dropdown
2021-01-26 14:42:30 INFO  PortalUtils:97 - Selection happened successful with given params {(element:Product Max range dropdown),(visibleText:₹1000)}
2021-01-26 14:42:33 INFO  Homepage:83 - product max range selected successfully
2021-01-26 14:42:33 INFO  PortalUtils:115 - selected option for Max price dropdown webelement is ₹1000
2021-01-26 14:42:33 INFO  TestcasesClass:26 - max price selected is :₹1000
2021-01-26 14:42:35 INFO  Homepage:100 - product filters :Puma has been selected successfully
2021-01-26 14:42:37 INFO  Homepage:100 - product filters :ADIDAS has been selected successfully
2021-01-26 14:43:38 ERROR PortalUtils:50 - org.openqa.selenium.TimeoutException: Expected condition failed: waiting for visibility of [[ChromeDriver: chrome on MAC (daa7dac42b627baf1fcbe0f6b10b2b82)] -> xpath: //img[contains(@src,'jpeg')]] (tried for 60 second(s) with 500 milliseconds interval)
Build info: version: '3.141.59', revision: 'e82be7d358', time: '2018-11-14T08:17:03'
System info: host: 'LAP-FVFY705SHV22.local', ip: '2401:4900:4b51:6548:b0e1:7e48:6fbc:2%en0', os.name: 'Mac OS X', os.arch: 'x86_64', os.version: '10.15.7', java.version: '1.8.0_201'
Driver info: org.openqa.selenium.chrome.ChromeDriver
Capabilities {acceptInsecureCerts: false, browserName: chrome, browserVersion: 88.0.4324.96, chrome: {chromedriverVersion: 88.0.4324.96 (68dba2d8a0b14..., userDataDir: /var/folders/vl/vn8_73zj239...}, goog:chromeOptions: {debuggerAddress: localhost:58342}, javascriptEnabled: true, networkConnectionEnabled: false, pageLoadStrategy: normal, platform: MAC, platformName: MAC, proxy: Proxy(), setWindowRect: true, strictFileInteractability: false, timeouts: {implicit: 0, pageLoad: 300000, script: 30000}, unhandledPromptBehavior: dismiss and notify, webauthn:extension:largeBlob: true, webauthn:virtualAuthenticators: true}
Session ID: daa7dac42b627baf1fcbe0f6b10b2b82
2021-01-26 14:43:38 ERROR Homepage:118 - Unable to select 1 product --->
java.lang.Exception: Unable to perform waitForElementToBePresent function for element :1 product visible
	at com.web.automation.genericUtilities.PortalUtils.waitForElementToBePresent(PortalUtils.java:51)
	at com.web.automation.applicationPages.Homepage.selectNthProduct(Homepage.java:114)
	at com.web.automation.testcases.TestcasesClass.productDetails_Test(TestcasesClass.java:34)
	at sun.reflect.NativeMethodAccessorImpl.invoke0(Native Method)
	at sun.reflect.NativeMethodAccessorImpl.invoke(NativeMethodAccessorImpl.java:62)
	at sun.reflect.DelegatingMethodAccessorImpl.invoke(DelegatingMethodAccessorImpl.java:43)
	at java.lang.reflect.Method.invoke(Method.java:498)
	at org.testng.internal.MethodInvocationHelper.invokeMethod(MethodInvocationHelper.java:80)
	at org.testng.internal.Invoker.invokeMethod(Invoker.java:714)
	at org.testng.internal.Invoker.invokeTestMethod(Invoker.java:901)
	at org.testng.internal.Invoker.invokeTestMethods(Invoker.java:1231)
	at org.testng.internal.TestMethodWorker.invokeTestMethods(TestMethodWorker.java:127)
	at org.testng.internal.TestMethodWorker.run(TestMethodWorker.java:111)
	at org.testng.TestRunner.privateRun(TestRunner.java:767)
	at org.testng.TestRunner.run(TestRunner.java:617)
	at org.testng.SuiteRunner.runTest(SuiteRunner.java:334)
	at org.testng.SuiteRunner.runSequentially(SuiteRunner.java:329)
	at org.testng.SuiteRunner.privateRun(SuiteRunner.java:291)
	at org.testng.SuiteRunner.run(SuiteRunner.java:240)
	at org.testng.SuiteRunnerWorker.runSuite(SuiteRunnerWorker.java:52)
	at org.testng.SuiteRunnerWorker.run(SuiteRunnerWorker.java:86)
	at org.testng.TestNG.runSuitesSequentially(TestNG.java:1198)
	at org.testng.TestNG.runSuitesLocally(TestNG.java:1123)
	at org.testng.TestNG.run(TestNG.java:1031)
	at com.intellij.rt.testng.IDEARemoteTestNG.run(IDEARemoteTestNG.java:66)
	at com.intellij.rt.testng.RemoteTestNGStarter.main(RemoteTestNGStarter.java:109)
Caused by: org.openqa.selenium.TimeoutException: Expected condition failed: waiting for visibility of [[ChromeDriver: chrome on MAC (daa7dac42b627baf1fcbe0f6b10b2b82)] -> xpath: //img[contains(@src,'jpeg')]] (tried for 60 second(s) with 500 milliseconds interval)
Build info: version: '3.141.59', revision: 'e82be7d358', time: '2018-11-14T08:17:03'
System info: host: 'LAP-FVFY705SHV22.local', ip: '2401:4900:4b51:6548:b0e1:7e48:6fbc:2%en0', os.name: 'Mac OS X', os.arch: 'x86_64', os.version: '10.15.7', java.version: '1.8.0_201'
Driver info: org.openqa.selenium.chrome.ChromeDriver
Capabilities {acceptInsecureCerts: false, browserName: chrome, browserVersion: 88.0.4324.96, chrome: {chromedriverVersion: 88.0.4324.96 (68dba2d8a0b14..., userDataDir: /var/folders/vl/vn8_73zj239...}, goog:chromeOptions: {debuggerAddress: localhost:58342}, javascriptEnabled: true, networkConnectionEnabled: false, pageLoadStrategy: normal, platform: MAC, platformName: MAC, proxy: Proxy(), setWindowRect: true, strictFileInteractability: false, timeouts: {implicit: 0, pageLoad: 300000, script: 30000}, unhandledPromptBehavior: dismiss and notify, webauthn:extension:largeBlob: true, webauthn:virtualAuthenticators: true}
Session ID: daa7dac42b627baf1fcbe0f6b10b2b82
	at org.openqa.selenium.support.ui.WebDriverWait.timeoutException(WebDriverWait.java:95)
	at org.openqa.selenium.support.ui.FluentWait.until(FluentWait.java:272)
	at com.web.automation.genericUtilities.PortalUtils.waitForElementToBePresent(PortalUtils.java:47)
	... 25 more
2021-01-26 14:43:38 INFO  PortalUtils:210 - driver control moved to window number 2
2021-01-26 14:56:52 INFO  Driver:24 - Chrome browser launched..
2021-01-26 14:56:57 INFO  PortalUtils:48 - waitForElementToBePresent executed successfully with given element :Showing Result text
2021-01-26 14:56:57 INFO  Homepage:75 - Searched product name is :shoes
2021-01-26 14:56:57 INFO  PortalUtils:48 - waitForElementToBePresent executed successfully with given element :Max price dropdown
2021-01-26 14:56:58 INFO  PortalUtils:97 - Selection happened successful with given params {(element:Product Max range dropdown),(visibleText:₹1000)}
2021-01-26 14:57:01 INFO  Homepage:89 - product max range selected successfully
2021-01-26 14:57:01 INFO  PortalUtils:115 - selected option for Max price dropdown webelement is ₹1000
2021-01-26 14:57:01 INFO  TestcasesClass:27 - max price selected is :₹1000
2021-01-26 14:57:03 INFO  Homepage:106 - product filters :Puma has been selected successfully
2021-01-26 14:57:05 INFO  Homepage:106 - product filters :ADIDAS has been selected successfully
2021-01-26 14:57:05 ERROR Homepage:124 - Unable to select 1 product --->
org.openqa.selenium.InvalidSelectorException: invalid selector: Unable to locate an element with the xpath expression //div[text()='Puma' or text()='ADIDAS' or text()=']/following-sibling::a[1] because of the following error:
SyntaxError: Failed to execute 'evaluate' on 'Document': The string '//div[text()='Puma' or text()='ADIDAS' or text()=']/following-sibling::a[1]' is not a valid XPath expression.
  (Session info: chrome=88.0.4324.96)
For documentation on this error, please visit: https://www.seleniumhq.org/exceptions/invalid_selector_exception.html
Build info: version: '3.141.59', revision: 'e82be7d358', time: '2018-11-14T08:17:03'
System info: host: 'LAP-FVFY705SHV22.local', ip: '2401:4900:4b51:6548:b0e1:7e48:6fbc:2%en0', os.name: 'Mac OS X', os.arch: 'x86_64', os.version: '10.15.7', java.version: '1.8.0_201'
Driver info: org.openqa.selenium.chrome.ChromeDriver
Capabilities {acceptInsecureCerts: false, browserName: chrome, browserVersion: 88.0.4324.96, chrome: {chromedriverVersion: 88.0.4324.96 (68dba2d8a0b14..., userDataDir: /var/folders/vl/vn8_73zj239...}, goog:chromeOptions: {debuggerAddress: localhost:53386}, javascriptEnabled: true, networkConnectionEnabled: false, pageLoadStrategy: normal, platform: MAC, platformName: MAC, proxy: Proxy(), setWindowRect: true, strictFileInteractability: false, timeouts: {implicit: 0, pageLoad: 300000, script: 30000}, unhandledPromptBehavior: dismiss and notify, webauthn:extension:largeBlob: true, webauthn:virtualAuthenticators: true}
Session ID: 3b31526a924a0f43a6377d9acaa6d605
*** Element info: {Using=xpath, value=//div[text()='Puma' or text()='ADIDAS' or text()=']/following-sibling::a[1]}
	at sun.reflect.NativeConstructorAccessorImpl.newInstance0(Native Method)
	at sun.reflect.NativeConstructorAccessorImpl.newInstance(NativeConstructorAccessorImpl.java:62)
	at sun.reflect.DelegatingConstructorAccessorImpl.newInstance(DelegatingConstructorAccessorImpl.java:45)
	at java.lang.reflect.Constructor.newInstance(Constructor.java:423)
	at org.openqa.selenium.remote.http.W3CHttpResponseCodec.createException(W3CHttpResponseCodec.java:187)
	at org.openqa.selenium.remote.http.W3CHttpResponseCodec.decode(W3CHttpResponseCodec.java:122)
	at org.openqa.selenium.remote.http.W3CHttpResponseCodec.decode(W3CHttpResponseCodec.java:49)
	at org.openqa.selenium.remote.HttpCommandExecutor.execute(HttpCommandExecutor.java:158)
	at org.openqa.selenium.remote.service.DriverCommandExecutor.execute(DriverCommandExecutor.java:83)
	at org.openqa.selenium.remote.RemoteWebDriver.execute(RemoteWebDriver.java:552)
	at org.openqa.selenium.remote.RemoteWebDriver.findElements(RemoteWebDriver.java:353)
	at org.openqa.selenium.remote.RemoteWebDriver.findElementsByXPath(RemoteWebDriver.java:432)
	at org.openqa.selenium.By$ByXPath.findElements(By.java:348)
	at org.openqa.selenium.remote.RemoteWebDriver.findElements(RemoteWebDriver.java:311)
	at com.web.automation.applicationPages.Homepage.getAllProductsList(Homepage.java:61)
	at com.web.automation.applicationPages.Homepage.selectNthProduct(Homepage.java:120)
	at com.web.automation.testcases.TestcasesClass.productDetails_Test(TestcasesClass.java:35)
	at sun.reflect.NativeMethodAccessorImpl.invoke0(Native Method)
	at sun.reflect.NativeMethodAccessorImpl.invoke(NativeMethodAccessorImpl.java:62)
	at sun.reflect.DelegatingMethodAccessorImpl.invoke(DelegatingMethodAccessorImpl.java:43)
	at java.lang.reflect.Method.invoke(Method.java:498)
	at org.testng.internal.MethodInvocationHelper.invokeMethod(MethodInvocationHelper.java:80)
	at org.testng.internal.Invoker.invokeMethod(Invoker.java:714)
	at org.testng.internal.Invoker.invokeTestMethod(Invoker.java:901)
	at org.testng.internal.Invoker.invokeTestMethods(Invoker.java:1231)
	at org.testng.internal.TestMethodWorker.invokeTestMethods(TestMethodWorker.java:127)
	at org.testng.internal.TestMethodWorker.run(TestMethodWorker.java:111)
	at org.testng.TestRunner.privateRun(TestRunner.java:767)
	at org.testng.TestRunner.run(TestRunner.java:617)
	at org.testng.SuiteRunner.runTest(SuiteRunner.java:334)
	at org.testng.SuiteRunner.runSequentially(SuiteRunner.java:329)
	at org.testng.SuiteRunner.privateRun(SuiteRunner.java:291)
	at org.testng.SuiteRunner.run(SuiteRunner.java:240)
	at org.testng.SuiteRunnerWorker.runSuite(SuiteRunnerWorker.java:52)
	at org.testng.SuiteRunnerWorker.run(SuiteRunnerWorker.java:86)
	at org.testng.TestNG.runSuitesSequentially(TestNG.java:1198)
	at org.testng.TestNG.runSuitesLocally(TestNG.java:1123)
	at org.testng.TestNG.run(TestNG.java:1031)
	at com.intellij.rt.testng.IDEARemoteTestNG.run(IDEARemoteTestNG.java:66)
	at com.intellij.rt.testng.RemoteTestNGStarter.main(RemoteTestNGStarter.java:109)
2021-01-26 14:57:05 INFO  PortalUtils:210 - driver control moved to window number 2
2021-01-26 15:01:10 INFO  Driver:24 - Chrome browser launched..
2021-01-26 15:01:16 INFO  PortalUtils:48 - waitForElementToBePresent executed successfully with given element :Showing Result text
2021-01-26 15:01:16 INFO  Homepage:79 - Searched product name is :shoes
2021-01-26 15:01:16 INFO  PortalUtils:48 - waitForElementToBePresent executed successfully with given element :Max price dropdown
2021-01-26 15:01:16 INFO  PortalUtils:97 - Selection happened successful with given params {(element:Product Max range dropdown),(visibleText:₹1000)}
2021-01-26 15:01:19 INFO  Homepage:93 - product max range selected successfully
2021-01-26 15:01:19 INFO  PortalUtils:115 - selected option for Max price dropdown webelement is ₹1000
2021-01-26 15:01:19 INFO  TestcasesClass:27 - max price selected is :₹1000
2021-01-26 15:01:21 INFO  Homepage:110 - product filters :Puma has been selected successfully
2021-01-26 15:01:24 INFO  Homepage:110 - product filters :ADIDAS has been selected successfully
2021-01-26 15:01:24 INFO  Homepage:64 - //div[text()='Puma'or text()='ADIDAS']/following-sibling::a[1]
2021-01-26 15:01:24 INFO  PortalUtils:48 - waitForElementToBePresent executed successfully with given element :1 product visible
2021-01-26 15:01:24 INFO  Homepage:64 - //div[text()='Puma'or text()='ADIDAS']/following-sibling::a[1]
2021-01-26 15:01:24 INFO  Homepage:126 - 1 product selected successfully
2021-01-26 15:01:24 INFO  PortalUtils:210 - driver control moved to window number 2
2021-01-26 15:01:38 INFO  PortalUtils:48 - waitForElementToBePresent executed successfully with given element :Login and SignUp Block Heading
2021-01-26 15:05:01 INFO  Driver:24 - Chrome browser launched..
2021-01-26 15:05:06 INFO  Listeners:25 - -------------------search_Test------------------
2021-01-26 15:05:06 ERROR Listeners:37 - search_Test failed..
2021-01-26 15:05:06 ERROR Listeners:37 - search_Test failed..
2021-01-26 15:13:59 INFO  Driver:24 - Chrome browser launched..
2021-01-26 15:14:03 INFO  Listeners:25 - -------------------search_Test------------------
2021-01-26 15:14:03 ERROR Listeners:37 - search_Test failed..
2021-01-26 15:14:03 ERROR Listeners:37 - search_Test failed..
2021-01-26 15:18:38 INFO  Driver:24 - Chrome browser launched..
2021-01-26 15:18:42 INFO  Listeners:25 - -------------------search_Test------------------
2021-01-26 15:18:42 ERROR Listeners:37 - search_Test failed..
2021-01-26 15:18:42 ERROR Listeners:37 - search_Test failed..
2021-01-30 20:01:44 INFO  Driver:24 - Chrome browser launched..
2021-01-30 20:01:53 INFO  PortalUtils:63 - Model has closed successfully
2021-01-30 20:01:53 INFO  PortalUtils:48 - waitForElementToBePresent executed successfully with given element :Login button
2021-01-30 20:01:59 INFO  PortalUtils:48 - waitForElementToBePresent executed successfully with given element :User Id input
2021-01-30 20:02:00 INFO  PortalUtils:48 - waitForElementToBePresent executed successfully with given element :Continue button
2021-01-30 20:02:00 INFO  PortalUtils:48 - waitForElementToBePresent executed successfully with given element :Password input
2021-01-30 20:02:34 ERROR LoginPage:69 - Unable to perform login with given credentials {username:candidate,password:1234} --->
org.openqa.selenium.NoSuchElementException: no such element: Unable to locate element: {"method":"xpath","selector":"//button[contains(@class,'SearchTheme')]"}
  (Session info: chrome=88.0.4324.96)
For documentation on this error, please visit: https://www.seleniumhq.org/exceptions/no_such_element.html
Build info: version: '3.141.59', revision: 'e82be7d358', time: '2018-11-14T08:17:03'
System info: host: 'LAP-FVFY705SHV22.local', ip: '2401:4900:22a1:6501:b110:12ef:2d93:e7bc%en0', os.name: 'Mac OS X', os.arch: 'x86_64', os.version: '10.15.7', java.version: '1.8.0_201'
Driver info: org.openqa.selenium.chrome.ChromeDriver
Capabilities {acceptInsecureCerts: false, browserName: chrome, browserVersion: 88.0.4324.96, chrome: {chromedriverVersion: 88.0.4324.96 (68dba2d8a0b14..., userDataDir: /var/folders/vl/vn8_73zj239...}, goog:chromeOptions: {debuggerAddress: localhost:50603}, javascriptEnabled: true, networkConnectionEnabled: false, pageLoadStrategy: normal, platform: MAC, platformName: MAC, proxy: Proxy(), setWindowRect: true, strictFileInteractability: false, timeouts: {implicit: 0, pageLoad: 300000, script: 30000}, unhandledPromptBehavior: dismiss and notify, webauthn:extension:largeBlob: true, webauthn:virtualAuthenticators: true}
Session ID: 060f054d6f1f49ddbf8fbf773c21c9f1
*** Element info: {Using=xpath, value=//button[contains(@class,'SearchTheme')]}
	at sun.reflect.NativeConstructorAccessorImpl.newInstance0(Native Method)
	at sun.reflect.NativeConstructorAccessorImpl.newInstance(NativeConstructorAccessorImpl.java:62)
	at sun.reflect.DelegatingConstructorAccessorImpl.newInstance(DelegatingConstructorAccessorImpl.java:45)
	at java.lang.reflect.Constructor.newInstance(Constructor.java:423)
	at org.openqa.selenium.remote.http.W3CHttpResponseCodec.createException(W3CHttpResponseCodec.java:187)
	at org.openqa.selenium.remote.http.W3CHttpResponseCodec.decode(W3CHttpResponseCodec.java:122)
	at org.openqa.selenium.remote.http.W3CHttpResponseCodec.decode(W3CHttpResponseCodec.java:49)
	at org.openqa.selenium.remote.HttpCommandExecutor.execute(HttpCommandExecutor.java:158)
	at org.openqa.selenium.remote.service.DriverCommandExecutor.execute(DriverCommandExecutor.java:83)
	at org.openqa.selenium.remote.RemoteWebDriver.execute(RemoteWebDriver.java:552)
	at org.openqa.selenium.remote.RemoteWebDriver.findElement(RemoteWebDriver.java:323)
	at org.openqa.selenium.remote.RemoteWebDriver.findElementByXPath(RemoteWebDriver.java:428)
	at org.openqa.selenium.By$ByXPath.findElement(By.java:353)
	at org.openqa.selenium.remote.RemoteWebDriver.findElement(RemoteWebDriver.java:315)
	at org.openqa.selenium.support.pagefactory.DefaultElementLocator.findElement(DefaultElementLocator.java:69)
	at org.openqa.selenium.support.pagefactory.internal.LocatingElementHandler.invoke(LocatingElementHandler.java:38)
	at com.sun.proxy.$Proxy8.isDisplayed(Unknown Source)
	at com.web.automation.applicationPages.LoginPage.do_login(LoginPage.java:67)
	at com.web.automation.testcases.TestcasesClass.login_invalidCredentials(TestcasesClass.java:16)
	at sun.reflect.NativeMethodAccessorImpl.invoke0(Native Method)
	at sun.reflect.NativeMethodAccessorImpl.invoke(NativeMethodAccessorImpl.java:62)
	at sun.reflect.DelegatingMethodAccessorImpl.invoke(DelegatingMethodAccessorImpl.java:43)
	at java.lang.reflect.Method.invoke(Method.java:498)
	at org.testng.internal.MethodInvocationHelper.invokeMethod(MethodInvocationHelper.java:80)
	at org.testng.internal.Invoker.invokeMethod(Invoker.java:714)
	at org.testng.internal.Invoker.invokeTestMethod(Invoker.java:901)
	at org.testng.internal.Invoker.invokeTestMethods(Invoker.java:1231)
	at org.testng.internal.TestMethodWorker.invokeTestMethods(TestMethodWorker.java:127)
	at org.testng.internal.TestMethodWorker.run(TestMethodWorker.java:111)
	at org.testng.TestRunner.privateRun(TestRunner.java:767)
	at org.testng.TestRunner.run(TestRunner.java:617)
	at org.testng.SuiteRunner.runTest(SuiteRunner.java:334)
	at org.testng.SuiteRunner.runSequentially(SuiteRunner.java:329)
	at org.testng.SuiteRunner.privateRun(SuiteRunner.java:291)
	at org.testng.SuiteRunner.run(SuiteRunner.java:240)
	at org.testng.SuiteRunnerWorker.runSuite(SuiteRunnerWorker.java:52)
	at org.testng.SuiteRunnerWorker.run(SuiteRunnerWorker.java:86)
	at org.testng.TestNG.runSuitesSequentially(TestNG.java:1198)
	at org.testng.TestNG.runSuitesLocally(TestNG.java:1123)
	at org.testng.TestNG.run(TestNG.java:1031)
	at com.intellij.rt.testng.IDEARemoteTestNG.run(IDEARemoteTestNG.java:66)
	at com.intellij.rt.testng.RemoteTestNGStarter.main(RemoteTestNGStarter.java:109)
2021-01-30 20:02:34 INFO  PortalUtils:48 - waitForElementToBePresent executed successfully with given element :Login button
2021-01-30 20:03:34 ERROR PortalUtils:50 - org.openqa.selenium.TimeoutException: Expected condition failed: waiting for visibility of [[ChromeDriver: chrome on MAC (060f054d6f1f49ddbf8fbf773c21c9f1)] -> xpath: //input[@placeholder='User ID']] (tried for 60 second(s) with 500 milliseconds interval)
Build info: version: '3.141.59', revision: 'e82be7d358', time: '2018-11-14T08:17:03'
System info: host: 'LAP-FVFY705SHV22.local', ip: '2401:4900:22a1:6501:b110:12ef:2d93:e7bc%en0', os.name: 'Mac OS X', os.arch: 'x86_64', os.version: '10.15.7', java.version: '1.8.0_201'
Driver info: org.openqa.selenium.chrome.ChromeDriver
Capabilities {acceptInsecureCerts: false, browserName: chrome, browserVersion: 88.0.4324.96, chrome: {chromedriverVersion: 88.0.4324.96 (68dba2d8a0b14..., userDataDir: /var/folders/vl/vn8_73zj239...}, goog:chromeOptions: {debuggerAddress: localhost:50603}, javascriptEnabled: true, networkConnectionEnabled: false, pageLoadStrategy: normal, platform: MAC, platformName: MAC, proxy: Proxy(), setWindowRect: true, strictFileInteractability: false, timeouts: {implicit: 0, pageLoad: 300000, script: 30000}, unhandledPromptBehavior: dismiss and notify, webauthn:extension:largeBlob: true, webauthn:virtualAuthenticators: true}
Session ID: 060f054d6f1f49ddbf8fbf773c21c9f1
2021-01-30 20:03:34 ERROR LoginPage:69 - Unable to perform login with given credentials {username:test-hiring/personnel/web-test,password:9TS$vf4KUL4yPRuy} --->
java.lang.Exception: Unable to perform waitForElementToBePresent function for element :User Id input
	at com.web.automation.genericUtilities.PortalUtils.waitForElementToBePresent(PortalUtils.java:51)
	at com.web.automation.applicationPages.LoginPage.do_login(LoginPage.java:58)
	at com.web.automation.testcases.TestcasesClass.login_validCredentials(TestcasesClass.java:22)
	at sun.reflect.NativeMethodAccessorImpl.invoke0(Native Method)
	at sun.reflect.NativeMethodAccessorImpl.invoke(NativeMethodAccessorImpl.java:62)
	at sun.reflect.DelegatingMethodAccessorImpl.invoke(DelegatingMethodAccessorImpl.java:43)
	at java.lang.reflect.Method.invoke(Method.java:498)
	at org.testng.internal.MethodInvocationHelper.invokeMethod(MethodInvocationHelper.java:80)
	at org.testng.internal.Invoker.invokeMethod(Invoker.java:714)
	at org.testng.internal.Invoker.invokeTestMethod(Invoker.java:901)
	at org.testng.internal.Invoker.invokeTestMethods(Invoker.java:1231)
	at org.testng.internal.TestMethodWorker.invokeTestMethods(TestMethodWorker.java:127)
	at org.testng.internal.TestMethodWorker.run(TestMethodWorker.java:111)
	at org.testng.TestRunner.privateRun(TestRunner.java:767)
	at org.testng.TestRunner.run(TestRunner.java:617)
	at org.testng.SuiteRunner.runTest(SuiteRunner.java:334)
	at org.testng.SuiteRunner.runSequentially(SuiteRunner.java:329)
	at org.testng.SuiteRunner.privateRun(SuiteRunner.java:291)
	at org.testng.SuiteRunner.run(SuiteRunner.java:240)
	at org.testng.SuiteRunnerWorker.runSuite(SuiteRunnerWorker.java:52)
	at org.testng.SuiteRunnerWorker.run(SuiteRunnerWorker.java:86)
	at org.testng.TestNG.runSuitesSequentially(TestNG.java:1198)
	at org.testng.TestNG.runSuitesLocally(TestNG.java:1123)
	at org.testng.TestNG.run(TestNG.java:1031)
	at com.intellij.rt.testng.IDEARemoteTestNG.run(IDEARemoteTestNG.java:66)
	at com.intellij.rt.testng.RemoteTestNGStarter.main(RemoteTestNGStarter.java:109)
Caused by: org.openqa.selenium.TimeoutException: Expected condition failed: waiting for visibility of [[ChromeDriver: chrome on MAC (060f054d6f1f49ddbf8fbf773c21c9f1)] -> xpath: //input[@placeholder='User ID']] (tried for 60 second(s) with 500 milliseconds interval)
Build info: version: '3.141.59', revision: 'e82be7d358', time: '2018-11-14T08:17:03'
System info: host: 'LAP-FVFY705SHV22.local', ip: '2401:4900:22a1:6501:b110:12ef:2d93:e7bc%en0', os.name: 'Mac OS X', os.arch: 'x86_64', os.version: '10.15.7', java.version: '1.8.0_201'
Driver info: org.openqa.selenium.chrome.ChromeDriver
Capabilities {acceptInsecureCerts: false, browserName: chrome, browserVersion: 88.0.4324.96, chrome: {chromedriverVersion: 88.0.4324.96 (68dba2d8a0b14..., userDataDir: /var/folders/vl/vn8_73zj239...}, goog:chromeOptions: {debuggerAddress: localhost:50603}, javascriptEnabled: true, networkConnectionEnabled: false, pageLoadStrategy: normal, platform: MAC, platformName: MAC, proxy: Proxy(), setWindowRect: true, strictFileInteractability: false, timeouts: {implicit: 0, pageLoad: 300000, script: 30000}, unhandledPromptBehavior: dismiss and notify, webauthn:extension:largeBlob: true, webauthn:virtualAuthenticators: true}
Session ID: 060f054d6f1f49ddbf8fbf773c21c9f1
	at org.openqa.selenium.support.ui.WebDriverWait.timeoutException(WebDriverWait.java:95)
	at org.openqa.selenium.support.ui.FluentWait.until(FluentWait.java:272)
	at com.web.automation.genericUtilities.PortalUtils.waitForElementToBePresent(PortalUtils.java:47)
	... 25 more
2021-01-30 20:14:52 INFO  Driver:24 - Chrome browser launched..
2021-01-30 20:14:58 INFO  PortalUtils:48 - waitForElementToBePresent executed successfully with given element :Login button
2021-01-30 20:15:01 INFO  PortalUtils:48 - waitForElementToBePresent executed successfully with given element :User Id input
2021-01-30 20:15:02 INFO  PortalUtils:48 - waitForElementToBePresent executed successfully with given element :Continue button
2021-01-30 20:15:02 INFO  PortalUtils:48 - waitForElementToBePresent executed successfully with given element :Password input
2021-01-30 20:15:08 INFO  Driver:24 - Chrome browser launched..
2021-01-30 20:15:13 INFO  PortalUtils:48 - waitForElementToBePresent executed successfully with given element :Login button
2021-01-30 20:15:17 INFO  PortalUtils:48 - waitForElementToBePresent executed successfully with given element :User Id input
2021-01-30 20:15:18 INFO  PortalUtils:48 - waitForElementToBePresent executed successfully with given element :Continue button
2021-01-30 20:15:18 INFO  PortalUtils:48 - waitForElementToBePresent executed successfully with given element :Password input
2021-01-30 20:15:24 INFO  Driver:24 - Chrome browser launched..
2021-01-30 20:15:29 INFO  PortalUtils:48 - waitForElementToBePresent executed successfully with given element :Login button
2021-01-30 20:15:33 INFO  PortalUtils:48 - waitForElementToBePresent executed successfully with given element :User Id input
2021-01-30 20:15:34 INFO  PortalUtils:48 - waitForElementToBePresent executed successfully with given element :Continue button
2021-01-30 20:15:34 INFO  PortalUtils:48 - waitForElementToBePresent executed successfully with given element :Password input
2021-01-30 20:15:44 INFO  PortalUtils:48 - waitForElementToBePresent executed successfully with given element :Search icon
2021-01-30 20:15:45 INFO  PortalUtils:148 - move to element happened successfully
2021-01-30 20:15:50 INFO  Driver:24 - Chrome browser launched..
2021-01-30 20:15:55 INFO  PortalUtils:48 - waitForElementToBePresent executed successfully with given element :Login button
2021-01-30 20:16:00 INFO  PortalUtils:48 - waitForElementToBePresent executed successfully with given element :User Id input
2021-01-30 20:16:01 INFO  PortalUtils:48 - waitForElementToBePresent executed successfully with given element :Continue button
2021-01-30 20:16:02 INFO  PortalUtils:48 - waitForElementToBePresent executed successfully with given element :Password input
2021-01-30 20:16:11 INFO  PortalUtils:48 - waitForElementToBePresent executed successfully with given element :Search icon
2021-01-30 20:16:12 INFO  PortalUtils:48 - waitForElementToBePresent executed successfully with given element :Search task input
2021-01-30 20:16:16 INFO  Homepage:73 - 2020-10-10-test-1 task search was successful...
2021-01-30 20:20:39 INFO  Driver:24 - Chrome browser launched..
2021-01-30 20:20:48 INFO  PortalUtils:48 - waitForElementToBePresent executed successfully with given element :Login button
2021-01-30 20:20:53 INFO  PortalUtils:48 - waitForElementToBePresent executed successfully with given element :User Id input
2021-01-30 20:20:53 INFO  PortalUtils:48 - waitForElementToBePresent executed successfully with given element :Continue button
2021-01-30 20:20:54 INFO  PortalUtils:48 - waitForElementToBePresent executed successfully with given element :Password input
2021-01-30 20:21:08 INFO  PortalUtils:48 - waitForElementToBePresent executed successfully with given element :SearchIcon
2021-01-30 20:21:15 INFO  Driver:24 - Chrome browser launched..
2021-01-30 20:21:21 INFO  PortalUtils:48 - waitForElementToBePresent executed successfully with given element :Login button
2021-01-30 20:21:25 INFO  PortalUtils:48 - waitForElementToBePresent executed successfully with given element :User Id input
2021-01-30 20:21:26 INFO  PortalUtils:48 - waitForElementToBePresent executed successfully with given element :Continue button
2021-01-30 20:21:26 INFO  PortalUtils:48 - waitForElementToBePresent executed successfully with given element :Password input
2021-01-30 20:21:37 INFO  PortalUtils:48 - waitForElementToBePresent executed successfully with given element :Search icon
2021-01-30 20:21:39 INFO  PortalUtils:48 - waitForElementToBePresent executed successfully with given element :Search task input
2021-01-31 09:39:47 INFO  Driver:24 - Chrome browser launched..
2021-01-31 09:39:52 INFO  PortalUtils:54 - waitForElementToBePresent executed successfully with given element :Login button
2021-01-31 09:39:55 INFO  PortalUtils:54 - waitForElementToBePresent executed successfully with given element :User Id input
2021-01-31 09:39:55 INFO  PortalUtils:54 - waitForElementToBePresent executed successfully with given element :Continue button
2021-01-31 09:39:56 INFO  PortalUtils:54 - waitForElementToBePresent executed successfully with given element :Password input
2021-01-31 09:40:05 INFO  PortalUtils:54 - waitForElementToBePresent executed successfully with given element :Search icon
2021-01-31 09:40:05 INFO  PortalUtils:54 - waitForElementToBePresent executed successfully with given element :Search task input
2021-01-31 09:45:45 INFO  Driver:24 - Chrome browser launched..
2021-01-31 09:45:51 INFO  PortalUtils:54 - waitForElementToBePresent executed successfully with given element :Login button
2021-01-31 09:45:54 INFO  PortalUtils:54 - waitForElementToBePresent executed successfully with given element :User Id input
2021-01-31 09:45:54 INFO  PortalUtils:54 - waitForElementToBePresent executed successfully with given element :Continue button
2021-01-31 09:45:55 INFO  PortalUtils:54 - waitForElementToBePresent executed successfully with given element :Password input
2021-01-31 09:46:05 INFO  PortalUtils:54 - waitForElementToBePresent executed successfully with given element :Search icon
2021-01-31 09:46:05 INFO  PortalUtils:54 - waitForElementToBePresent executed successfully with given element :Search task input
2021-01-31 09:46:09 INFO  Homepage:106 - 2020-10-10-test-1 task search was successful...
2021-01-31 09:46:41 INFO  Driver:24 - Chrome browser launched..
2021-01-31 09:46:45 INFO  PortalUtils:54 - waitForElementToBePresent executed successfully with given element :Login button
2021-01-31 09:46:48 INFO  PortalUtils:54 - waitForElementToBePresent executed successfully with given element :User Id input
2021-01-31 09:46:49 INFO  PortalUtils:54 - waitForElementToBePresent executed successfully with given element :Continue button
2021-01-31 09:46:49 INFO  PortalUtils:54 - waitForElementToBePresent executed successfully with given element :Password input
2021-01-31 09:47:42 ERROR PortalUtils:56 - org.openqa.selenium.WebDriverException: java.net.ConnectException: Failed to connect to localhost/0:0:0:0:0:0:0:1:41226
Build info: version: '3.141.59', revision: 'e82be7d358', time: '2018-11-14T08:17:03'
System info: host: 'LAP-FVFY705SHV22.local', ip: '2401:4900:2167:4376:b0e1:7e48:6fbc:2%en0', os.name: 'Mac OS X', os.arch: 'x86_64', os.version: '10.15.7', java.version: '1.8.0_201'
Driver info: driver.version: RemoteWebDriver
2021-01-31 09:48:54 INFO  Driver:24 - Chrome browser launched..
2021-01-31 09:48:58 INFO  PortalUtils:54 - waitForElementToBePresent executed successfully with given element :Login button
2021-01-31 09:49:01 INFO  PortalUtils:54 - waitForElementToBePresent executed successfully with given element :User Id input
2021-01-31 09:49:02 INFO  PortalUtils:54 - waitForElementToBePresent executed successfully with given element :Continue button
2021-01-31 09:49:02 INFO  PortalUtils:54 - waitForElementToBePresent executed successfully with given element :Password input
2021-01-31 09:49:12 INFO  PortalUtils:54 - waitForElementToBePresent executed successfully with given element :add Task Btn
2021-01-31 09:49:13 ERROR Homepage:130 - Unable to select team --->
org.openqa.selenium.ElementClickInterceptedException: element click intercepted: Element <span class="Button__buttonLabel___dGDH9">...</span> is not clickable at point (1101, 32). Other element would receive the click: <button testid="addVisit" class="theme__button___3elfs Button__button___3Y4nz AddTaskButton__button___2ui_6 theme__flat___hRwIN Button__flat___10yIZ Button__uppercase___Z4lqw Button__solidBtn___fjpZC Button__dark-sky-blue___2xyo1 Button__semibold___3RxEp" type="button" data-react-toolbox="button">...</button>
  (Session info: chrome=88.0.4324.96)
Build info: version: '3.141.59', revision: 'e82be7d358', time: '2018-11-14T08:17:03'
System info: host: 'LAP-FVFY705SHV22.local', ip: '2401:4900:2167:4376:b0e1:7e48:6fbc:2%en0', os.name: 'Mac OS X', os.arch: 'x86_64', os.version: '10.15.7', java.version: '1.8.0_201'
Driver info: org.openqa.selenium.chrome.ChromeDriver
Capabilities {acceptInsecureCerts: false, browserName: chrome, browserVersion: 88.0.4324.96, chrome: {chromedriverVersion: 88.0.4324.96 (68dba2d8a0b14..., userDataDir: /var/folders/vl/vn8_73zj239...}, goog:chromeOptions: {debuggerAddress: localhost:63839}, javascriptEnabled: true, networkConnectionEnabled: false, pageLoadStrategy: normal, platform: MAC, platformName: MAC, proxy: Proxy(), setWindowRect: true, strictFileInteractability: false, timeouts: {implicit: 0, pageLoad: 300000, script: 30000}, unhandledPromptBehavior: dismiss and notify, webauthn:extension:largeBlob: true, webauthn:virtualAuthenticators: true}
Session ID: 4dfab3d77e4cafce2224ff3add0b5159
	at sun.reflect.NativeConstructorAccessorImpl.newInstance0(Native Method)
	at sun.reflect.NativeConstructorAccessorImpl.newInstance(NativeConstructorAccessorImpl.java:62)
	at sun.reflect.DelegatingConstructorAccessorImpl.newInstance(DelegatingConstructorAccessorImpl.java:45)
	at java.lang.reflect.Constructor.newInstance(Constructor.java:423)
	at org.openqa.selenium.remote.http.W3CHttpResponseCodec.createException(W3CHttpResponseCodec.java:187)
	at org.openqa.selenium.remote.http.W3CHttpResponseCodec.decode(W3CHttpResponseCodec.java:122)
	at org.openqa.selenium.remote.http.W3CHttpResponseCodec.decode(W3CHttpResponseCodec.java:49)
	at org.openqa.selenium.remote.HttpCommandExecutor.execute(HttpCommandExecutor.java:158)
	at org.openqa.selenium.remote.service.DriverCommandExecutor.execute(DriverCommandExecutor.java:83)
	at org.openqa.selenium.remote.RemoteWebDriver.execute(RemoteWebDriver.java:552)
	at org.openqa.selenium.remote.RemoteWebElement.execute(RemoteWebElement.java:285)
	at org.openqa.selenium.remote.RemoteWebElement.click(RemoteWebElement.java:84)
	at sun.reflect.NativeMethodAccessorImpl.invoke0(Native Method)
	at sun.reflect.NativeMethodAccessorImpl.invoke(NativeMethodAccessorImpl.java:62)
	at sun.reflect.DelegatingMethodAccessorImpl.invoke(DelegatingMethodAccessorImpl.java:43)
	at java.lang.reflect.Method.invoke(Method.java:498)
	at org.openqa.selenium.support.pagefactory.internal.LocatingElementHandler.invoke(LocatingElementHandler.java:51)
	at com.sun.proxy.$Proxy8.click(Unknown Source)
	at com.web.automation.applicationPages.Homepage.addTaskAndSelectTeam(Homepage.java:116)
	at com.web.automation.testcases.TestcasesClass.createServiceTask_test(TestcasesClass.java:49)
	at sun.reflect.NativeMethodAccessorImpl.invoke0(Native Method)
	at sun.reflect.NativeMethodAccessorImpl.invoke(NativeMethodAccessorImpl.java:62)
	at sun.reflect.DelegatingMethodAccessorImpl.invoke(DelegatingMethodAccessorImpl.java:43)
	at java.lang.reflect.Method.invoke(Method.java:498)
	at org.testng.internal.MethodInvocationHelper.invokeMethod(MethodInvocationHelper.java:80)
	at org.testng.internal.Invoker.invokeMethod(Invoker.java:714)
	at org.testng.internal.Invoker.invokeTestMethod(Invoker.java:901)
	at org.testng.internal.Invoker.invokeTestMethods(Invoker.java:1231)
	at org.testng.internal.TestMethodWorker.invokeTestMethods(TestMethodWorker.java:127)
	at org.testng.internal.TestMethodWorker.run(TestMethodWorker.java:111)
	at org.testng.TestRunner.privateRun(TestRunner.java:767)
	at org.testng.TestRunner.run(TestRunner.java:617)
	at org.testng.SuiteRunner.runTest(SuiteRunner.java:334)
	at org.testng.SuiteRunner.runSequentially(SuiteRunner.java:329)
	at org.testng.SuiteRunner.privateRun(SuiteRunner.java:291)
	at org.testng.SuiteRunner.run(SuiteRunner.java:240)
	at org.testng.SuiteRunnerWorker.runSuite(SuiteRunnerWorker.java:52)
	at org.testng.SuiteRunnerWorker.run(SuiteRunnerWorker.java:86)
	at org.testng.TestNG.runSuitesSequentially(TestNG.java:1198)
	at org.testng.TestNG.runSuitesLocally(TestNG.java:1123)
	at org.testng.TestNG.run(TestNG.java:1031)
	at com.intellij.rt.testng.IDEARemoteTestNG.run(IDEARemoteTestNG.java:66)
	at com.intellij.rt.testng.RemoteTestNGStarter.main(RemoteTestNGStarter.java:109)
2021-01-31 09:50:44 ERROR PortalUtils:56 - org.openqa.selenium.TimeoutException: Expected condition failed: waiting for visibility of Proxy element for: DefaultElementLocator 'By.xpath: //div[contains(@class,'ListCard__left')]/div[text()='Pickup']' (tried for 60 second(s) with 500 milliseconds interval)
2021-01-31 09:50:44 ERROR Homepage:164 - Unable to create task --->
java.lang.Exception: Unable to perform waitForElementToBePresent function for element :left Card Pickup
	at com.web.automation.genericUtilities.PortalUtils.waitForElementToBePresent(PortalUtils.java:57)
	at com.web.automation.applicationPages.Homepage.createServiceTask(Homepage.java:138)
	at com.web.automation.testcases.TestcasesClass.createServiceTask_test(TestcasesClass.java:50)
	at sun.reflect.NativeMethodAccessorImpl.invoke0(Native Method)
	at sun.reflect.NativeMethodAccessorImpl.invoke(NativeMethodAccessorImpl.java:62)
	at sun.reflect.DelegatingMethodAccessorImpl.invoke(DelegatingMethodAccessorImpl.java:43)
	at java.lang.reflect.Method.invoke(Method.java:498)
	at org.testng.internal.MethodInvocationHelper.invokeMethod(MethodInvocationHelper.java:80)
	at org.testng.internal.Invoker.invokeMethod(Invoker.java:714)
	at org.testng.internal.Invoker.invokeTestMethod(Invoker.java:901)
	at org.testng.internal.Invoker.invokeTestMethods(Invoker.java:1231)
	at org.testng.internal.TestMethodWorker.invokeTestMethods(TestMethodWorker.java:127)
	at org.testng.internal.TestMethodWorker.run(TestMethodWorker.java:111)
	at org.testng.TestRunner.privateRun(TestRunner.java:767)
	at org.testng.TestRunner.run(TestRunner.java:617)
	at org.testng.SuiteRunner.runTest(SuiteRunner.java:334)
	at org.testng.SuiteRunner.runSequentially(SuiteRunner.java:329)
	at org.testng.SuiteRunner.privateRun(SuiteRunner.java:291)
	at org.testng.SuiteRunner.run(SuiteRunner.java:240)
	at org.testng.SuiteRunnerWorker.runSuite(SuiteRunnerWorker.java:52)
	at org.testng.SuiteRunnerWorker.run(SuiteRunnerWorker.java:86)
	at org.testng.TestNG.runSuitesSequentially(TestNG.java:1198)
	at org.testng.TestNG.runSuitesLocally(TestNG.java:1123)
	at org.testng.TestNG.run(TestNG.java:1031)
	at com.intellij.rt.testng.IDEARemoteTestNG.run(IDEARemoteTestNG.java:66)
	at com.intellij.rt.testng.RemoteTestNGStarter.main(RemoteTestNGStarter.java:109)
Caused by: org.openqa.selenium.TimeoutException: Expected condition failed: waiting for visibility of Proxy element for: DefaultElementLocator 'By.xpath: //div[contains(@class,'ListCard__left')]/div[text()='Pickup']' (tried for 60 second(s) with 500 milliseconds interval)
	at org.openqa.selenium.support.ui.WebDriverWait.timeoutException(WebDriverWait.java:95)
	at org.openqa.selenium.support.ui.FluentWait.until(FluentWait.java:272)
	at com.web.automation.genericUtilities.PortalUtils.waitForElementToBePresent(PortalUtils.java:53)
	... 25 more
Caused by: org.openqa.selenium.NoSuchElementException: no such element: Unable to locate element: {"method":"xpath","selector":"//div[contains(@class,'ListCard__left')]/div[text()='Pickup']"}
  (Session info: chrome=88.0.4324.96)
For documentation on this error, please visit: https://www.seleniumhq.org/exceptions/no_such_element.html
Build info: version: '3.141.59', revision: 'e82be7d358', time: '2018-11-14T08:17:03'
System info: host: 'LAP-FVFY705SHV22.local', ip: '2401:4900:2167:4376:b0e1:7e48:6fbc:2%en0', os.name: 'Mac OS X', os.arch: 'x86_64', os.version: '10.15.7', java.version: '1.8.0_201'
Driver info: org.openqa.selenium.chrome.ChromeDriver
Capabilities {acceptInsecureCerts: false, browserName: chrome, browserVersion: 88.0.4324.96, chrome: {chromedriverVersion: 88.0.4324.96 (68dba2d8a0b14..., userDataDir: /var/folders/vl/vn8_73zj239...}, goog:chromeOptions: {debuggerAddress: localhost:63839}, javascriptEnabled: true, networkConnectionEnabled: false, pageLoadStrategy: normal, platform: MAC, platformName: MAC, proxy: Proxy(), setWindowRect: true, strictFileInteractability: false, timeouts: {implicit: 0, pageLoad: 300000, script: 30000}, unhandledPromptBehavior: dismiss and notify, webauthn:extension:largeBlob: true, webauthn:virtualAuthenticators: true}
Session ID: 4dfab3d77e4cafce2224ff3add0b5159
*** Element info: {Using=xpath, value=//div[contains(@class,'ListCard__left')]/div[text()='Pickup']}
	at sun.reflect.NativeConstructorAccessorImpl.newInstance0(Native Method)
	at sun.reflect.NativeConstructorAccessorImpl.newInstance(NativeConstructorAccessorImpl.java:62)
	at sun.reflect.DelegatingConstructorAccessorImpl.newInstance(DelegatingConstructorAccessorImpl.java:45)
	at java.lang.reflect.Constructor.newInstance(Constructor.java:423)
	at org.openqa.selenium.remote.http.W3CHttpResponseCodec.createException(W3CHttpResponseCodec.java:187)
	at org.openqa.selenium.remote.http.W3CHttpResponseCodec.decode(W3CHttpResponseCodec.java:122)
	at org.openqa.selenium.remote.http.W3CHttpResponseCodec.decode(W3CHttpResponseCodec.java:49)
	at org.openqa.selenium.remote.HttpCommandExecutor.execute(HttpCommandExecutor.java:158)
	at org.openqa.selenium.remote.service.DriverCommandExecutor.execute(DriverCommandExecutor.java:83)
	at org.openqa.selenium.remote.RemoteWebDriver.execute(RemoteWebDriver.java:552)
	at org.openqa.selenium.remote.RemoteWebDriver.findElement(RemoteWebDriver.java:323)
	at org.openqa.selenium.remote.RemoteWebDriver.findElementByXPath(RemoteWebDriver.java:428)
	at org.openqa.selenium.By$ByXPath.findElement(By.java:353)
	at org.openqa.selenium.remote.RemoteWebDriver.findElement(RemoteWebDriver.java:315)
	at org.openqa.selenium.support.pagefactory.DefaultElementLocator.findElement(DefaultElementLocator.java:69)
	at org.openqa.selenium.support.pagefactory.internal.LocatingElementHandler.invoke(LocatingElementHandler.java:38)
	at com.sun.proxy.$Proxy8.isDisplayed(Unknown Source)
	at org.openqa.selenium.support.ui.ExpectedConditions.elementIfVisible(ExpectedConditions.java:314)
	at org.openqa.selenium.support.ui.ExpectedConditions.access$000(ExpectedConditions.java:43)
	at org.openqa.selenium.support.ui.ExpectedConditions$10.apply(ExpectedConditions.java:300)
	at org.openqa.selenium.support.ui.ExpectedConditions$10.apply(ExpectedConditions.java:297)
	at org.openqa.selenium.support.ui.FluentWait.until(FluentWait.java:249)
	... 26 more
2021-01-31 09:50:46 INFO  Driver:24 - Chrome browser launched..
2021-01-31 09:50:50 INFO  PortalUtils:54 - waitForElementToBePresent executed successfully with given element :Login button
2021-01-31 09:50:53 ERROR LoginPage:67 - Unable to perform login with given credentials {username:test-hiring/personnel/web-test,password:9TS$vf4KUL4yPRuy} --->
org.openqa.selenium.WebDriverException: java.net.ConnectException: Failed to connect to localhost/0:0:0:0:0:0:0:1:37491
Build info: version: '3.141.59', revision: 'e82be7d358', time: '2018-11-14T08:17:03'
System info: host: 'LAP-FVFY705SHV22.local', ip: '2401:4900:2167:4376:b0e1:7e48:6fbc:2%en0', os.name: 'Mac OS X', os.arch: 'x86_64', os.version: '10.15.7', java.version: '1.8.0_201'
Driver info: driver.version: RemoteWebDriver
	at org.openqa.selenium.remote.service.DriverCommandExecutor.execute(DriverCommandExecutor.java:92)
	at org.openqa.selenium.remote.RemoteWebDriver.execute(RemoteWebDriver.java:552)
	at org.openqa.selenium.remote.RemoteWebElement.execute(RemoteWebElement.java:285)
	at org.openqa.selenium.remote.RemoteWebElement.click(RemoteWebElement.java:84)
	at sun.reflect.NativeMethodAccessorImpl.invoke0(Native Method)
	at sun.reflect.NativeMethodAccessorImpl.invoke(NativeMethodAccessorImpl.java:62)
	at sun.reflect.DelegatingMethodAccessorImpl.invoke(DelegatingMethodAccessorImpl.java:43)
	at java.lang.reflect.Method.invoke(Method.java:498)
	at org.openqa.selenium.support.pagefactory.internal.LocatingElementHandler.invoke(LocatingElementHandler.java:51)
	at com.sun.proxy.$Proxy8.click(Unknown Source)
	at com.web.automation.applicationPages.LoginPage.do_login(LoginPage.java:56)
	at com.web.automation.testcases.TestcasesClass.searchForCreatedTask_test(TestcasesClass.java:57)
	at sun.reflect.NativeMethodAccessorImpl.invoke0(Native Method)
	at sun.reflect.NativeMethodAccessorImpl.invoke(NativeMethodAccessorImpl.java:62)
	at sun.reflect.DelegatingMethodAccessorImpl.invoke(DelegatingMethodAccessorImpl.java:43)
	at java.lang.reflect.Method.invoke(Method.java:498)
	at org.testng.internal.MethodInvocationHelper.invokeMethod(MethodInvocationHelper.java:80)
	at org.testng.internal.Invoker.invokeMethod(Invoker.java:714)
	at org.testng.internal.Invoker.invokeTestMethod(Invoker.java:901)
	at org.testng.internal.Invoker.invokeTestMethods(Invoker.java:1231)
	at org.testng.internal.TestMethodWorker.invokeTestMethods(TestMethodWorker.java:127)
	at org.testng.internal.TestMethodWorker.run(TestMethodWorker.java:111)
	at org.testng.TestRunner.privateRun(TestRunner.java:767)
	at org.testng.TestRunner.run(TestRunner.java:617)
	at org.testng.SuiteRunner.runTest(SuiteRunner.java:334)
	at org.testng.SuiteRunner.runSequentially(SuiteRunner.java:329)
	at org.testng.SuiteRunner.privateRun(SuiteRunner.java:291)
	at org.testng.SuiteRunner.run(SuiteRunner.java:240)
	at org.testng.SuiteRunnerWorker.runSuite(SuiteRunnerWorker.java:52)
	at org.testng.SuiteRunnerWorker.run(SuiteRunnerWorker.java:86)
	at org.testng.TestNG.runSuitesSequentially(TestNG.java:1198)
	at org.testng.TestNG.runSuitesLocally(TestNG.java:1123)
	at org.testng.TestNG.run(TestNG.java:1031)
	at com.intellij.rt.testng.IDEARemoteTestNG.run(IDEARemoteTestNG.java:66)
	at com.intellij.rt.testng.RemoteTestNGStarter.main(RemoteTestNGStarter.java:109)
Caused by: java.net.ConnectException: Failed to connect to localhost/0:0:0:0:0:0:0:1:37491
	at okhttp3.internal.connection.RealConnection.connectSocket(RealConnection.java:247)
	at okhttp3.internal.connection.RealConnection.connect(RealConnection.java:165)
	at okhttp3.internal.connection.StreamAllocation.findConnection(StreamAllocation.java:257)
	at okhttp3.internal.connection.StreamAllocation.findHealthyConnection(StreamAllocation.java:135)
	at okhttp3.internal.connection.StreamAllocation.newStream(StreamAllocation.java:114)
	at okhttp3.internal.connection.ConnectInterceptor.intercept(ConnectInterceptor.java:42)
	at okhttp3.internal.http.RealInterceptorChain.proceed(RealInterceptorChain.java:147)
	at okhttp3.internal.http.RealInterceptorChain.proceed(RealInterceptorChain.java:121)
	at okhttp3.internal.cache.CacheInterceptor.intercept(CacheInterceptor.java:93)
	at okhttp3.internal.http.RealInterceptorChain.proceed(RealInterceptorChain.java:147)
	at okhttp3.internal.http.RealInterceptorChain.proceed(RealInterceptorChain.java:121)
	at okhttp3.internal.http.BridgeInterceptor.intercept(BridgeInterceptor.java:93)
	at okhttp3.internal.http.RealInterceptorChain.proceed(RealInterceptorChain.java:147)
	at okhttp3.internal.http.RetryAndFollowUpInterceptor.intercept(RetryAndFollowUpInterceptor.java:126)
	at okhttp3.internal.http.RealInterceptorChain.proceed(RealInterceptorChain.java:147)
	at okhttp3.internal.http.RealInterceptorChain.proceed(RealInterceptorChain.java:121)
	at okhttp3.RealCall.getResponseWithInterceptorChain(RealCall.java:200)
	at okhttp3.RealCall.execute(RealCall.java:77)
	at org.openqa.selenium.remote.internal.OkHttpClient.execute(OkHttpClient.java:103)
	at org.openqa.selenium.remote.HttpCommandExecutor.execute(HttpCommandExecutor.java:155)
	at org.openqa.selenium.remote.service.DriverCommandExecutor.execute(DriverCommandExecutor.java:83)
	... 34 more
Caused by: java.net.ConnectException: Connection refused (Connection refused)
	at java.net.PlainSocketImpl.socketConnect(Native Method)
	at java.net.AbstractPlainSocketImpl.doConnect(AbstractPlainSocketImpl.java:350)
	at java.net.AbstractPlainSocketImpl.connectToAddress(AbstractPlainSocketImpl.java:206)
	at java.net.AbstractPlainSocketImpl.connect(AbstractPlainSocketImpl.java:188)
	at java.net.SocksSocketImpl.connect(SocksSocketImpl.java:392)
	at java.net.Socket.connect(Socket.java:589)
	at okhttp3.internal.platform.Platform.connectSocket(Platform.java:129)
	at okhttp3.internal.connection.RealConnection.connectSocket(RealConnection.java:245)
	... 54 more
2021-01-31 09:50:53 ERROR PortalUtils:56 - org.openqa.selenium.WebDriverException: java.net.ConnectException: Failed to connect to localhost/0:0:0:0:0:0:0:1:37491
Build info: version: '3.141.59', revision: 'e82be7d358', time: '2018-11-14T08:17:03'
System info: host: 'LAP-FVFY705SHV22.local', ip: '2401:4900:2167:4376:b0e1:7e48:6fbc:2%en0', os.name: 'Mac OS X', os.arch: 'x86_64', os.version: '10.15.7', java.version: '1.8.0_201'
Driver info: driver.version: RemoteWebDriver
2021-01-31 09:53:25 INFO  Driver:24 - Chrome browser launched..
2021-01-31 09:53:30 INFO  PortalUtils:54 - waitForElementToBePresent executed successfully with given element :Login button
2021-01-31 09:53:33 INFO  PortalUtils:54 - waitForElementToBePresent executed successfully with given element :User Id input
2021-01-31 09:53:33 INFO  PortalUtils:54 - waitForElementToBePresent executed successfully with given element :Continue button
2021-01-31 09:53:34 INFO  PortalUtils:54 - waitForElementToBePresent executed successfully with given element :Password input
2021-01-31 09:53:45 INFO  PortalUtils:54 - waitForElementToBePresent executed successfully with given element :add Task Btn
2021-01-31 10:02:24 INFO  Driver:24 - Chrome browser launched..
2021-01-31 10:02:33 INFO  PortalUtils:54 - waitForElementToBePresent executed successfully with given element :Login button
2021-01-31 10:02:44 INFO  PortalUtils:54 - waitForElementToBePresent executed successfully with given element :User Id input
2021-01-31 10:02:44 INFO  PortalUtils:54 - waitForElementToBePresent executed successfully with given element :Continue button
2021-01-31 10:02:45 INFO  PortalUtils:54 - waitForElementToBePresent executed successfully with given element :Password input
2021-01-31 10:02:53 INFO  PortalUtils:54 - waitForElementToBePresent executed successfully with given element :add Task Btn
2021-01-31 10:07:27 ERROR PortalUtils:56 - org.openqa.selenium.WebDriverException: java.net.ConnectException: Failed to connect to localhost/0:0:0:0:0:0:0:1:19280
Build info: version: '3.141.59', revision: 'e82be7d358', time: '2018-11-14T08:17:03'
System info: host: 'LAP-FVFY705SHV22.local', ip: '2401:4900:2167:4376:1c94:4eab:e8f8:1699%en0', os.name: 'Mac OS X', os.arch: 'x86_64', os.version: '10.15.7', java.version: '1.8.0_201'
Driver info: driver.version: RemoteWebDriver
